[2025-09-23T16:58:48.261+0000] {manager.py:470} INFO - Processing files using up to 2 processes at a time 
[2025-09-23T16:58:48.264+0000] {manager.py:471} INFO - Process each file at most once every 30 seconds
[2025-09-23T16:58:48.266+0000] {manager.py:472} INFO - Checking for new files in /opt/airflow/dags every 300 seconds
[2025-09-23T16:58:48.269+0000] {manager.py:737} INFO - Searching for files in /opt/airflow/dags
[2025-09-23T16:58:48.279+0000] {manager.py:740} INFO - There are 0 files in /opt/airflow/dags
[2025-09-23T17:03:49.024+0000] {manager.py:737} INFO - Searching for files in /opt/airflow/dags
[2025-09-23T17:03:49.031+0000] {manager.py:740} INFO - There are 0 files in /opt/airflow/dags
[2025-09-23T17:08:49.618+0000] {manager.py:737} INFO - Searching for files in /opt/airflow/dags
[2025-09-23T17:08:49.626+0000] {manager.py:740} INFO - There are 0 files in /opt/airflow/dags
[2025-09-23T17:13:50.180+0000] {manager.py:737} INFO - Searching for files in /opt/airflow/dags
[2025-09-23T17:13:50.186+0000] {manager.py:740} INFO - There are 0 files in /opt/airflow/dags
[2025-09-23T17:18:50.778+0000] {manager.py:737} INFO - Searching for files in /opt/airflow/dags
[2025-09-23T17:18:50.782+0000] {manager.py:740} INFO - There are 0 files in /opt/airflow/dags
[2025-09-23T17:23:51.306+0000] {manager.py:737} INFO - Searching for files in /opt/airflow/dags
[2025-09-23T17:23:51.311+0000] {manager.py:740} INFO - There are 0 files in /opt/airflow/dags
[2025-09-23T17:28:51.876+0000] {manager.py:737} INFO - Searching for files in /opt/airflow/dags
[2025-09-23T17:28:51.881+0000] {manager.py:740} INFO - There are 0 files in /opt/airflow/dags
[2025-09-23T17:33:52.460+0000] {manager.py:737} INFO - Searching for files in /opt/airflow/dags
[2025-09-23T17:33:52.465+0000] {manager.py:740} INFO - There are 0 files in /opt/airflow/dags
[2025-09-23T17:38:27.101+0000] {manager.py:452} INFO - Exiting gracefully upon receiving signal 15
[2025-09-23T17:54:31.955+0000] {manager.py:470} INFO - Processing files using up to 2 processes at a time 
[2025-09-23T17:54:31.962+0000] {manager.py:471} INFO - Process each file at most once every 30 seconds
[2025-09-23T17:54:31.964+0000] {manager.py:472} INFO - Checking for new files in /opt/airflow/dags every 300 seconds
[2025-09-23T17:54:31.969+0000] {manager.py:737} INFO - Searching for files in /opt/airflow/dags
[2025-09-23T17:54:31.980+0000] {manager.py:740} INFO - There are 0 files in /opt/airflow/dags
[2025-09-23T17:59:32.809+0000] {manager.py:737} INFO - Searching for files in /opt/airflow/dags
[2025-09-23T17:59:32.815+0000] {manager.py:740} INFO - There are 0 files in /opt/airflow/dags
[2025-09-23T18:04:33.395+0000] {manager.py:737} INFO - Searching for files in /opt/airflow/dags
[2025-09-23T18:04:33.402+0000] {manager.py:740} INFO - There are 0 files in /opt/airflow/dags
[2025-09-23T18:09:33.906+0000] {manager.py:737} INFO - Searching for files in /opt/airflow/dags
[2025-09-23T18:09:33.910+0000] {manager.py:740} INFO - There are 0 files in /opt/airflow/dags
[2025-09-23T18:14:34.497+0000] {manager.py:737} INFO - Searching for files in /opt/airflow/dags
[2025-09-23T18:14:34.502+0000] {manager.py:740} INFO - There are 0 files in /opt/airflow/dags
[2025-09-23T18:19:35.076+0000] {manager.py:737} INFO - Searching for files in /opt/airflow/dags
[2025-09-23T18:19:35.083+0000] {manager.py:740} INFO - There are 0 files in /opt/airflow/dags
[2025-09-23T18:24:35.648+0000] {manager.py:737} INFO - Searching for files in /opt/airflow/dags
[2025-09-23T18:24:35.654+0000] {manager.py:740} INFO - There are 0 files in /opt/airflow/dags
[2025-09-23T18:29:36.198+0000] {manager.py:737} INFO - Searching for files in /opt/airflow/dags
[2025-09-23T18:29:36.205+0000] {manager.py:740} INFO - There are 0 files in /opt/airflow/dags
[2025-09-23T18:34:36.761+0000] {manager.py:737} INFO - Searching for files in /opt/airflow/dags
[2025-09-23T18:34:36.766+0000] {manager.py:740} INFO - There are 0 files in /opt/airflow/dags
[2025-09-23T18:39:37.338+0000] {manager.py:737} INFO - Searching for files in /opt/airflow/dags
[2025-09-23T18:39:37.345+0000] {manager.py:740} INFO - There are 0 files in /opt/airflow/dags
[2025-09-23T18:44:37.865+0000] {manager.py:737} INFO - Searching for files in /opt/airflow/dags
[2025-09-23T18:44:37.870+0000] {manager.py:740} INFO - There are 0 files in /opt/airflow/dags
[2025-09-23T18:49:38.412+0000] {manager.py:737} INFO - Searching for files in /opt/airflow/dags
[2025-09-23T18:49:38.426+0000] {manager.py:740} INFO - There are 0 files in /opt/airflow/dags
[2025-09-23T18:50:23.651+0000] {manager.py:452} INFO - Exiting gracefully upon receiving signal 15
[2025-09-24T10:05:35.676+0000] {manager.py:470} INFO - Processing files using up to 2 processes at a time 
[2025-09-24T10:05:35.685+0000] {manager.py:471} INFO - Process each file at most once every 30 seconds
[2025-09-24T10:05:35.689+0000] {manager.py:472} INFO - Checking for new files in /opt/airflow/dags every 300 seconds
[2025-09-24T10:05:35.693+0000] {manager.py:737} INFO - Searching for files in /opt/airflow/dags
[2025-09-24T10:05:35.740+0000] {manager.py:740} INFO - There are 0 files in /opt/airflow/dags
[2025-09-24T10:10:36.625+0000] {manager.py:737} INFO - Searching for files in /opt/airflow/dags
[2025-09-24T10:10:36.630+0000] {manager.py:740} INFO - There are 0 files in /opt/airflow/dags
[2025-09-24T10:11:12.183+0000] {manager.py:452} INFO - Exiting gracefully upon receiving signal 15
[2025-09-24T10:52:09.609+0000] {manager.py:470} INFO - Processing files using up to 2 processes at a time 
[2025-09-24T10:52:09.613+0000] {manager.py:471} INFO - Process each file at most once every 30 seconds
[2025-09-24T10:52:09.615+0000] {manager.py:472} INFO - Checking for new files in /opt/airflow/dags every 300 seconds
[2025-09-24T10:52:09.618+0000] {manager.py:737} INFO - Searching for files in /opt/airflow/dags
[2025-09-24T10:52:09.627+0000] {manager.py:740} INFO - There are 0 files in /opt/airflow/dags
[2025-09-24T10:54:56.760+0000] {manager.py:452} INFO - Exiting gracefully upon receiving signal 15
<<<<<<< HEAD
[2025-10-01T13:49:15.437+0000] {manager.py:470} INFO - Processing files using up to 2 processes at a time 
[2025-10-01T13:49:15.442+0000] {manager.py:471} INFO - Process each file at most once every 30 seconds
[2025-10-01T13:49:15.443+0000] {manager.py:472} INFO - Checking for new files in /opt/airflow/dags every 300 seconds
[2025-10-01T13:49:15.445+0000] {manager.py:737} INFO - Searching for files in /opt/airflow/dags
[2025-10-01T13:49:15.449+0000] {manager.py:740} INFO - There are 0 files in /opt/airflow/dags
[2025-10-01T13:54:16.127+0000] {manager.py:737} INFO - Searching for files in /opt/airflow/dags
[2025-10-01T13:54:16.179+0000] {manager.py:740} INFO - There are 0 files in /opt/airflow/dags
[2025-10-01T13:59:16.136+0000] {manager.py:737} INFO - Searching for files in /opt/airflow/dags
[2025-10-01T13:59:16.156+0000] {manager.py:740} INFO - There are 0 files in /opt/airflow/dags
[2025-10-01T14:04:16.142+0000] {manager.py:737} INFO - Searching for files in /opt/airflow/dags
[2025-10-01T14:04:16.160+0000] {manager.py:740} INFO - There are 0 files in /opt/airflow/dags
[2025-10-01T14:09:17.082+0000] {manager.py:737} INFO - Searching for files in /opt/airflow/dags
[2025-10-01T14:09:17.098+0000] {manager.py:740} INFO - There are 0 files in /opt/airflow/dags
[2025-10-01T14:14:17.104+0000] {manager.py:737} INFO - Searching for files in /opt/airflow/dags
[2025-10-01T14:14:17.120+0000] {manager.py:740} INFO - There are 0 files in /opt/airflow/dags
[2025-10-01T14:19:17.400+0000] {manager.py:737} INFO - Searching for files in /opt/airflow/dags
[2025-10-01T14:19:17.407+0000] {manager.py:740} INFO - There are 0 files in /opt/airflow/dags
[2025-10-01T14:24:17.600+0000] {manager.py:737} INFO - Searching for files in /opt/airflow/dags
[2025-10-01T14:24:17.607+0000] {manager.py:740} INFO - There are 0 files in /opt/airflow/dags
[2025-10-01T14:29:17.870+0000] {manager.py:737} INFO - Searching for files in /opt/airflow/dags
[2025-10-01T14:29:17.886+0000] {manager.py:740} INFO - There are 0 files in /opt/airflow/dags
[2025-10-01T14:34:18.131+0000] {manager.py:737} INFO - Searching for files in /opt/airflow/dags
[2025-10-01T14:34:18.147+0000] {manager.py:740} INFO - There are 0 files in /opt/airflow/dags
[2025-10-01T14:39:18.461+0000] {manager.py:737} INFO - Searching for files in /opt/airflow/dags
[2025-10-01T14:39:18.477+0000] {manager.py:740} INFO - There are 0 files in /opt/airflow/dags
[2025-10-01T14:44:18.751+0000] {manager.py:737} INFO - Searching for files in /opt/airflow/dags
[2025-10-01T14:44:18.767+0000] {manager.py:740} INFO - There are 0 files in /opt/airflow/dags
[2025-10-01T14:49:19.079+0000] {manager.py:737} INFO - Searching for files in /opt/airflow/dags
[2025-10-01T14:49:19.095+0000] {manager.py:740} INFO - There are 0 files in /opt/airflow/dags
[2025-10-01T14:54:19.398+0000] {manager.py:737} INFO - Searching for files in /opt/airflow/dags
[2025-10-01T14:54:19.412+0000] {manager.py:740} INFO - There are 0 files in /opt/airflow/dags
[2025-10-01T14:59:19.708+0000] {manager.py:737} INFO - Searching for files in /opt/airflow/dags
[2025-10-01T14:59:19.719+0000] {manager.py:740} INFO - There are 0 files in /opt/airflow/dags
[2025-10-01T15:04:19.898+0000] {manager.py:737} INFO - Searching for files in /opt/airflow/dags
[2025-10-01T15:04:19.913+0000] {manager.py:740} INFO - There are 0 files in /opt/airflow/dags
[2025-10-01T15:09:20.178+0000] {manager.py:737} INFO - Searching for files in /opt/airflow/dags
[2025-10-01T15:09:20.193+0000] {manager.py:740} INFO - There are 0 files in /opt/airflow/dags
[2025-10-01T15:14:20.529+0000] {manager.py:737} INFO - Searching for files in /opt/airflow/dags
[2025-10-01T15:14:20.545+0000] {manager.py:740} INFO - There are 0 files in /opt/airflow/dags
[2025-10-01T15:19:20.905+0000] {manager.py:737} INFO - Searching for files in /opt/airflow/dags
[2025-10-01T15:19:20.911+0000] {manager.py:740} INFO - There are 0 files in /opt/airflow/dags
[2025-10-01T15:24:21.179+0000] {manager.py:737} INFO - Searching for files in /opt/airflow/dags
[2025-10-01T15:24:21.196+0000] {manager.py:740} INFO - There are 0 files in /opt/airflow/dags
[2025-10-01T15:29:21.496+0000] {manager.py:737} INFO - Searching for files in /opt/airflow/dags
[2025-10-01T15:29:21.513+0000] {manager.py:740} INFO - There are 0 files in /opt/airflow/dags
[2025-10-01T15:34:21.828+0000] {manager.py:737} INFO - Searching for files in /opt/airflow/dags
[2025-10-01T15:34:21.831+0000] {manager.py:740} INFO - There are 0 files in /opt/airflow/dags
[2025-10-01T15:39:22.011+0000] {manager.py:737} INFO - Searching for files in /opt/airflow/dags
[2025-10-01T15:39:22.015+0000] {manager.py:740} INFO - There are 0 files in /opt/airflow/dags
[2025-10-01T15:44:22.171+0000] {manager.py:737} INFO - Searching for files in /opt/airflow/dags
[2025-10-01T15:44:22.175+0000] {manager.py:740} INFO - There are 0 files in /opt/airflow/dags
[2025-10-01T15:49:22.348+0000] {manager.py:737} INFO - Searching for files in /opt/airflow/dags
[2025-10-01T15:49:22.351+0000] {manager.py:740} INFO - There are 0 files in /opt/airflow/dags
[2025-10-01T15:54:22.651+0000] {manager.py:737} INFO - Searching for files in /opt/airflow/dags
[2025-10-01T15:54:22.665+0000] {manager.py:740} INFO - There are 0 files in /opt/airflow/dags
[2025-10-01T15:59:22.947+0000] {manager.py:737} INFO - Searching for files in /opt/airflow/dags
[2025-10-01T15:59:22.955+0000] {manager.py:740} INFO - There are 0 files in /opt/airflow/dags
[2025-10-01T16:04:23.211+0000] {manager.py:737} INFO - Searching for files in /opt/airflow/dags
[2025-10-01T16:04:23.213+0000] {manager.py:740} INFO - There are 0 files in /opt/airflow/dags
[2025-10-01T16:09:23.306+0000] {manager.py:737} INFO - Searching for files in /opt/airflow/dags
[2025-10-01T16:09:23.309+0000] {manager.py:740} INFO - There are 0 files in /opt/airflow/dags
[2025-10-01T16:14:23.574+0000] {manager.py:737} INFO - Searching for files in /opt/airflow/dags
[2025-10-01T16:14:23.578+0000] {manager.py:740} INFO - There are 0 files in /opt/airflow/dags
[2025-10-01T16:19:24.465+0000] {manager.py:737} INFO - Searching for files in /opt/airflow/dags
[2025-10-01T16:19:24.479+0000] {manager.py:740} INFO - There are 0 files in /opt/airflow/dags
[2025-10-01T16:22:47.339+0000] {manager.py:452} INFO - Exiting gracefully upon receiving signal 15
[2025-10-29T15:23:52.766+0000] {manager.py:470} INFO - Processing files using up to 2 processes at a time 
[2025-10-29T15:23:52.768+0000] {manager.py:471} INFO - Process each file at most once every 30 seconds
[2025-10-29T15:23:52.769+0000] {manager.py:472} INFO - Checking for new files in /opt/airflow/dags every 300 seconds
[2025-10-29T15:23:52.770+0000] {manager.py:737} INFO - Searching for files in /opt/airflow/dags
[2025-10-29T15:23:52.774+0000] {manager.py:740} INFO - There are 0 files in /opt/airflow/dags
[2025-10-29T15:28:53.567+0000] {manager.py:737} INFO - Searching for files in /opt/airflow/dags
[2025-10-29T15:28:53.584+0000] {manager.py:740} INFO - There are 0 files in /opt/airflow/dags
[2025-10-29T15:33:53.596+0000] {manager.py:737} INFO - Searching for files in /opt/airflow/dags
[2025-10-29T15:33:53.613+0000] {manager.py:740} INFO - There are 0 files in /opt/airflow/dags
[2025-10-29T15:38:53.654+0000] {manager.py:737} INFO - Searching for files in /opt/airflow/dags
[2025-10-29T15:38:53.671+0000] {manager.py:740} INFO - There are 0 files in /opt/airflow/dags
[2025-10-29T15:43:39.332+0000] {manager.py:452} INFO - Exiting gracefully upon receiving signal 15
[2025-11-17T11:00:27.550+0000] {manager.py:470} INFO - Processing files using up to 2 processes at a time 
[2025-11-17T11:00:27.555+0000] {manager.py:471} INFO - Process each file at most once every 30 seconds
[2025-11-17T11:00:27.556+0000] {manager.py:472} INFO - Checking for new files in /opt/airflow/dags every 300 seconds
[2025-11-17T11:00:27.557+0000] {manager.py:737} INFO - Searching for files in /opt/airflow/dags
[2025-11-17T11:00:27.561+0000] {manager.py:740} INFO - There are 0 files in /opt/airflow/dags
[2025-11-17T11:05:27.876+0000] {manager.py:737} INFO - Searching for files in /opt/airflow/dags
[2025-11-17T11:05:27.880+0000] {manager.py:740} INFO - There are 0 files in /opt/airflow/dags
[2025-11-17T11:10:28.038+0000] {manager.py:737} INFO - Searching for files in /opt/airflow/dags
[2025-11-17T11:10:28.042+0000] {manager.py:740} INFO - There are 0 files in /opt/airflow/dags
[2025-11-17T11:15:28.055+0000] {manager.py:737} INFO - Searching for files in /opt/airflow/dags
[2025-11-17T11:15:28.058+0000] {manager.py:740} INFO - There are 0 files in /opt/airflow/dags
[2025-11-17T11:20:28.092+0000] {manager.py:737} INFO - Searching for files in /opt/airflow/dags
[2025-11-17T11:20:28.097+0000] {manager.py:740} INFO - There are 0 files in /opt/airflow/dags
[2025-11-17T11:25:28.138+0000] {manager.py:737} INFO - Searching for files in /opt/airflow/dags
[2025-11-17T11:25:28.141+0000] {manager.py:740} INFO - There are 0 files in /opt/airflow/dags
[2025-11-17T11:30:28.172+0000] {manager.py:737} INFO - Searching for files in /opt/airflow/dags
[2025-11-17T11:30:28.176+0000] {manager.py:740} INFO - There are 0 files in /opt/airflow/dags
[2025-11-17T11:35:28.182+0000] {manager.py:737} INFO - Searching for files in /opt/airflow/dags
[2025-11-17T11:35:28.185+0000] {manager.py:740} INFO - There are 0 files in /opt/airflow/dags
[2025-11-17T11:40:28.283+0000] {manager.py:737} INFO - Searching for files in /opt/airflow/dags
[2025-11-17T11:40:28.287+0000] {manager.py:740} INFO - There are 0 files in /opt/airflow/dags
[2025-11-17T11:45:28.678+0000] {manager.py:737} INFO - Searching for files in /opt/airflow/dags
[2025-11-17T11:45:28.682+0000] {manager.py:740} INFO - There are 0 files in /opt/airflow/dags
[2025-11-17T11:46:29.344+0000] {manager.py:452} INFO - Exiting gracefully upon receiving signal 15
[2025-11-17T11:47:40.184+0000] {manager.py:470} INFO - Processing files using up to 2 processes at a time 
[2025-11-17T11:47:40.185+0000] {manager.py:471} INFO - Process each file at most once every 30 seconds
[2025-11-17T11:47:40.186+0000] {manager.py:472} INFO - Checking for new files in /opt/airflow/dags every 300 seconds
[2025-11-17T11:47:40.187+0000] {manager.py:737} INFO - Searching for files in /opt/airflow/dags
[2025-11-17T11:47:40.189+0000] {manager.py:740} INFO - There are 0 files in /opt/airflow/dags
[2025-11-17T11:48:10.834+0000] {manager.py:452} INFO - Exiting gracefully upon receiving signal 15
[2025-11-17T11:50:38.915+0000] {manager.py:470} INFO - Processing files using up to 2 processes at a time 
[2025-11-17T11:50:38.916+0000] {manager.py:471} INFO - Process each file at most once every 30 seconds
[2025-11-17T11:50:38.917+0000] {manager.py:472} INFO - Checking for new files in /opt/airflow/dags every 300 seconds
[2025-11-17T11:50:38.918+0000] {manager.py:737} INFO - Searching for files in /opt/airflow/dags
[2025-11-17T11:50:38.922+0000] {manager.py:740} INFO - There are 0 files in /opt/airflow/dags
[2025-11-17T11:51:51.588+0000] {manager.py:452} INFO - Exiting gracefully upon receiving signal 15
[2025-11-17T11:54:05.509+0000] {manager.py:470} INFO - Processing files using up to 2 processes at a time 
[2025-11-17T11:54:05.510+0000] {manager.py:471} INFO - Process each file at most once every 30 seconds
[2025-11-17T11:54:05.511+0000] {manager.py:472} INFO - Checking for new files in /opt/airflow/dags every 300 seconds
[2025-11-17T11:54:05.513+0000] {manager.py:737} INFO - Searching for files in /opt/airflow/dags
[2025-11-17T11:54:05.517+0000] {manager.py:740} INFO - There are 0 files in /opt/airflow/dags
[2025-11-17T11:54:33.084+0000] {manager.py:452} INFO - Exiting gracefully upon receiving signal 15
[2025-11-25T11:03:41.729+0000] {manager.py:470} INFO - Processing files using up to 2 processes at a time 
[2025-11-25T11:03:41.734+0000] {manager.py:471} INFO - Process each file at most once every 30 seconds
[2025-11-25T11:03:41.735+0000] {manager.py:472} INFO - Checking for new files in /opt/airflow/dags every 300 seconds
[2025-11-25T11:03:41.737+0000] {manager.py:737} INFO - Searching for files in /opt/airflow/dags
[2025-11-25T11:03:41.742+0000] {manager.py:740} INFO - There are 0 files in /opt/airflow/dags
[2025-11-25T11:05:48.502+0000] {manager.py:452} INFO - Exiting gracefully upon receiving signal 15
[2025-12-03T05:55:45.358+0000] {manager.py:470} INFO - Processing files using up to 2 processes at a time 
[2025-12-03T05:55:45.361+0000] {manager.py:471} INFO - Process each file at most once every 30 seconds
[2025-12-03T05:55:45.362+0000] {manager.py:472} INFO - Checking for new files in /opt/airflow/dags every 300 seconds
[2025-12-03T05:55:45.362+0000] {manager.py:737} INFO - Searching for files in /opt/airflow/dags
[2025-12-03T05:55:45.365+0000] {manager.py:740} INFO - There are 0 files in /opt/airflow/dags
[2025-12-03T06:00:45.496+0000] {manager.py:737} INFO - Searching for files in /opt/airflow/dags
[2025-12-03T06:00:45.500+0000] {manager.py:740} INFO - There are 0 files in /opt/airflow/dags
[2025-12-03T06:05:45.792+0000] {manager.py:737} INFO - Searching for files in /opt/airflow/dags
[2025-12-03T06:05:45.795+0000] {manager.py:740} INFO - There are 0 files in /opt/airflow/dags
[2025-12-03T06:10:45.933+0000] {manager.py:737} INFO - Searching for files in /opt/airflow/dags
[2025-12-03T06:10:45.937+0000] {manager.py:740} INFO - There are 0 files in /opt/airflow/dags
[2025-12-03T06:15:45.955+0000] {manager.py:737} INFO - Searching for files in /opt/airflow/dags
[2025-12-03T06:15:45.958+0000] {manager.py:740} INFO - There are 0 files in /opt/airflow/dags
[2025-12-03T06:20:46.116+0000] {manager.py:737} INFO - Searching for files in /opt/airflow/dags
[2025-12-03T06:20:46.119+0000] {manager.py:740} INFO - There are 0 files in /opt/airflow/dags
[2025-12-03T06:25:46.241+0000] {manager.py:737} INFO - Searching for files in /opt/airflow/dags
[2025-12-03T06:25:46.245+0000] {manager.py:740} INFO - There are 0 files in /opt/airflow/dags
[2025-12-03T06:30:46.457+0000] {manager.py:737} INFO - Searching for files in /opt/airflow/dags
[2025-12-03T06:30:46.461+0000] {manager.py:740} INFO - There are 0 files in /opt/airflow/dags
[2025-12-03T06:35:46.561+0000] {manager.py:737} INFO - Searching for files in /opt/airflow/dags
[2025-12-03T06:35:46.565+0000] {manager.py:740} INFO - There are 0 files in /opt/airflow/dags
[2025-12-03T06:40:46.779+0000] {manager.py:737} INFO - Searching for files in /opt/airflow/dags
[2025-12-03T06:40:46.783+0000] {manager.py:740} INFO - There are 0 files in /opt/airflow/dags
[2025-12-03T06:45:47.000+0000] {manager.py:737} INFO - Searching for files in /opt/airflow/dags
[2025-12-03T06:45:47.005+0000] {manager.py:740} INFO - There are 0 files in /opt/airflow/dags
[2025-12-03T06:50:47.216+0000] {manager.py:737} INFO - Searching for files in /opt/airflow/dags
[2025-12-03T06:50:47.220+0000] {manager.py:740} INFO - There are 0 files in /opt/airflow/dags
[2025-12-03T06:55:47.398+0000] {manager.py:737} INFO - Searching for files in /opt/airflow/dags
[2025-12-03T06:55:47.402+0000] {manager.py:740} INFO - There are 0 files in /opt/airflow/dags
[2025-12-03T07:00:47.726+0000] {manager.py:737} INFO - Searching for files in /opt/airflow/dags
[2025-12-03T07:00:47.731+0000] {manager.py:740} INFO - There are 0 files in /opt/airflow/dags
[2025-12-03T07:05:48.141+0000] {manager.py:737} INFO - Searching for files in /opt/airflow/dags
[2025-12-03T07:05:48.145+0000] {manager.py:740} INFO - There are 0 files in /opt/airflow/dags
[2025-12-03T07:10:48.193+0000] {manager.py:737} INFO - Searching for files in /opt/airflow/dags
[2025-12-03T07:10:48.198+0000] {manager.py:740} INFO - There are 0 files in /opt/airflow/dags
[2025-12-03T07:15:48.355+0000] {manager.py:737} INFO - Searching for files in /opt/airflow/dags
[2025-12-03T07:15:48.359+0000] {manager.py:740} INFO - There are 0 files in /opt/airflow/dags
[2025-12-03T07:20:49.301+0000] {manager.py:737} INFO - Searching for files in /opt/airflow/dags
[2025-12-03T07:20:49.304+0000] {manager.py:740} INFO - There are 0 files in /opt/airflow/dags
[2025-12-03T07:25:49.336+0000] {manager.py:737} INFO - Searching for files in /opt/airflow/dags
[2025-12-03T07:25:49.341+0000] {manager.py:740} INFO - There are 0 files in /opt/airflow/dags
[2025-12-03T07:30:49.417+0000] {manager.py:737} INFO - Searching for files in /opt/airflow/dags
[2025-12-03T07:30:49.421+0000] {manager.py:740} INFO - There are 0 files in /opt/airflow/dags
[2025-12-03T07:35:49.537+0000] {manager.py:737} INFO - Searching for files in /opt/airflow/dags
[2025-12-03T07:35:49.540+0000] {manager.py:740} INFO - There are 0 files in /opt/airflow/dags
[2025-12-03T07:40:49.659+0000] {manager.py:737} INFO - Searching for files in /opt/airflow/dags
[2025-12-03T07:40:49.661+0000] {manager.py:740} INFO - There are 0 files in /opt/airflow/dags
[2025-12-03T07:45:49.921+0000] {manager.py:737} INFO - Searching for files in /opt/airflow/dags
[2025-12-03T07:45:49.925+0000] {manager.py:740} INFO - There are 0 files in /opt/airflow/dags
[2025-12-03T07:50:50.074+0000] {manager.py:737} INFO - Searching for files in /opt/airflow/dags
[2025-12-03T07:50:50.078+0000] {manager.py:740} INFO - There are 0 files in /opt/airflow/dags
[2025-12-03T07:55:50.445+0000] {manager.py:737} INFO - Searching for files in /opt/airflow/dags
[2025-12-03T07:55:50.450+0000] {manager.py:740} INFO - There are 0 files in /opt/airflow/dags
[2025-12-03T08:00:50.596+0000] {manager.py:737} INFO - Searching for files in /opt/airflow/dags
[2025-12-03T08:00:50.600+0000] {manager.py:740} INFO - There are 0 files in /opt/airflow/dags
[2025-12-03T08:05:50.957+0000] {manager.py:737} INFO - Searching for files in /opt/airflow/dags
[2025-12-03T08:05:50.962+0000] {manager.py:740} INFO - There are 0 files in /opt/airflow/dags
[2025-12-03T08:10:51.196+0000] {manager.py:737} INFO - Searching for files in /opt/airflow/dags
[2025-12-03T08:10:51.208+0000] {manager.py:740} INFO - There are 0 files in /opt/airflow/dags
[2025-12-03T08:15:51.522+0000] {manager.py:737} INFO - Searching for files in /opt/airflow/dags
[2025-12-03T08:15:51.526+0000] {manager.py:740} INFO - There are 0 files in /opt/airflow/dags
[2025-12-03T08:20:51.938+0000] {manager.py:737} INFO - Searching for files in /opt/airflow/dags
[2025-12-03T08:20:51.941+0000] {manager.py:740} INFO - There are 0 files in /opt/airflow/dags
[2025-12-03T08:25:52.070+0000] {manager.py:737} INFO - Searching for files in /opt/airflow/dags
[2025-12-03T08:25:52.073+0000] {manager.py:740} INFO - There are 0 files in /opt/airflow/dags
[2025-12-03T08:30:52.341+0000] {manager.py:737} INFO - Searching for files in /opt/airflow/dags
[2025-12-03T08:30:52.345+0000] {manager.py:740} INFO - There are 0 files in /opt/airflow/dags
[2025-12-03T08:35:52.432+0000] {manager.py:737} INFO - Searching for files in /opt/airflow/dags
[2025-12-03T08:35:52.442+0000] {manager.py:740} INFO - There are 0 files in /opt/airflow/dags
[2025-12-03T08:40:52.540+0000] {manager.py:737} INFO - Searching for files in /opt/airflow/dags
[2025-12-03T08:40:52.544+0000] {manager.py:740} INFO - There are 0 files in /opt/airflow/dags
[2025-12-03T08:45:52.600+0000] {manager.py:737} INFO - Searching for files in /opt/airflow/dags
[2025-12-03T08:45:52.602+0000] {manager.py:740} INFO - There are 0 files in /opt/airflow/dags
[2025-12-03T08:50:52.615+0000] {manager.py:737} INFO - Searching for files in /opt/airflow/dags
[2025-12-03T08:50:52.618+0000] {manager.py:740} INFO - There are 0 files in /opt/airflow/dags
[2025-12-03T08:55:52.660+0000] {manager.py:737} INFO - Searching for files in /opt/airflow/dags
[2025-12-03T08:55:52.675+0000] {manager.py:740} INFO - There are 0 files in /opt/airflow/dags
[2025-12-03T09:00:52.727+0000] {manager.py:737} INFO - Searching for files in /opt/airflow/dags
[2025-12-03T09:00:52.729+0000] {manager.py:740} INFO - There are 0 files in /opt/airflow/dags
[2025-12-03T09:05:52.734+0000] {manager.py:737} INFO - Searching for files in /opt/airflow/dags
[2025-12-03T09:05:52.738+0000] {manager.py:740} INFO - There are 0 files in /opt/airflow/dags
[2025-12-03T09:10:52.861+0000] {manager.py:737} INFO - Searching for files in /opt/airflow/dags
[2025-12-03T09:10:52.865+0000] {manager.py:740} INFO - There are 0 files in /opt/airflow/dags
[2025-12-03T09:15:52.881+0000] {manager.py:737} INFO - Searching for files in /opt/airflow/dags
[2025-12-03T09:15:52.886+0000] {manager.py:740} INFO - There are 0 files in /opt/airflow/dags
[2025-12-03T09:20:53.080+0000] {manager.py:737} INFO - Searching for files in /opt/airflow/dags
[2025-12-03T09:20:53.084+0000] {manager.py:740} INFO - There are 0 files in /opt/airflow/dags
[2025-12-03T09:25:53.502+0000] {manager.py:737} INFO - Searching for files in /opt/airflow/dags
[2025-12-03T09:25:53.506+0000] {manager.py:740} INFO - There are 0 files in /opt/airflow/dags
[2025-12-03T09:30:53.668+0000] {manager.py:737} INFO - Searching for files in /opt/airflow/dags
[2025-12-03T09:30:53.671+0000] {manager.py:740} INFO - There are 0 files in /opt/airflow/dags
[2025-12-03T09:35:54.641+0000] {manager.py:737} INFO - Searching for files in /opt/airflow/dags
[2025-12-03T09:35:54.644+0000] {manager.py:740} INFO - There are 0 files in /opt/airflow/dags
[2025-12-03T09:40:55.610+0000] {manager.py:737} INFO - Searching for files in /opt/airflow/dags
[2025-12-03T09:40:55.614+0000] {manager.py:740} INFO - There are 0 files in /opt/airflow/dags
[2025-12-03T09:45:56.578+0000] {manager.py:737} INFO - Searching for files in /opt/airflow/dags
[2025-12-03T09:45:56.581+0000] {manager.py:740} INFO - There are 0 files in /opt/airflow/dags
[2025-12-03T09:50:56.746+0000] {manager.py:737} INFO - Searching for files in /opt/airflow/dags
[2025-12-03T09:50:56.750+0000] {manager.py:740} INFO - There are 0 files in /opt/airflow/dags
[2025-12-03T09:55:56.808+0000] {manager.py:737} INFO - Searching for files in /opt/airflow/dags
[2025-12-03T09:55:56.811+0000] {manager.py:740} INFO - There are 0 files in /opt/airflow/dags
[2025-12-03T10:00:56.992+0000] {manager.py:737} INFO - Searching for files in /opt/airflow/dags
[2025-12-03T10:00:56.996+0000] {manager.py:740} INFO - There are 0 files in /opt/airflow/dags
[2025-12-03T10:05:57.182+0000] {manager.py:737} INFO - Searching for files in /opt/airflow/dags
[2025-12-03T10:05:57.187+0000] {manager.py:740} INFO - There are 0 files in /opt/airflow/dags
[2025-12-03T10:10:57.243+0000] {manager.py:737} INFO - Searching for files in /opt/airflow/dags
[2025-12-03T10:10:57.246+0000] {manager.py:740} INFO - There are 0 files in /opt/airflow/dags
[2025-12-03T10:15:58.239+0000] {manager.py:737} INFO - Searching for files in /opt/airflow/dags
[2025-12-03T10:15:58.242+0000] {manager.py:740} INFO - There are 0 files in /opt/airflow/dags
[2025-12-03T10:20:58.240+0000] {manager.py:737} INFO - Searching for files in /opt/airflow/dags
[2025-12-03T10:20:58.243+0000] {manager.py:740} INFO - There are 0 files in /opt/airflow/dags
[2025-12-03T10:25:58.295+0000] {manager.py:737} INFO - Searching for files in /opt/airflow/dags
[2025-12-03T10:25:58.298+0000] {manager.py:740} INFO - There are 0 files in /opt/airflow/dags
[2025-12-03T10:30:58.330+0000] {manager.py:737} INFO - Searching for files in /opt/airflow/dags
[2025-12-03T10:30:58.333+0000] {manager.py:740} INFO - There are 0 files in /opt/airflow/dags
[2025-12-03T10:35:58.384+0000] {manager.py:737} INFO - Searching for files in /opt/airflow/dags
[2025-12-03T10:35:58.386+0000] {manager.py:740} INFO - There are 0 files in /opt/airflow/dags
[2025-12-03T10:40:58.565+0000] {manager.py:737} INFO - Searching for files in /opt/airflow/dags
[2025-12-03T10:40:58.569+0000] {manager.py:740} INFO - There are 0 files in /opt/airflow/dags
[2025-12-03T10:45:59.049+0000] {manager.py:737} INFO - Searching for files in /opt/airflow/dags
[2025-12-03T10:45:59.053+0000] {manager.py:740} INFO - There are 0 files in /opt/airflow/dags
[2025-12-03T10:50:59.590+0000] {manager.py:737} INFO - Searching for files in /opt/airflow/dags
[2025-12-03T10:50:59.593+0000] {manager.py:740} INFO - There are 0 files in /opt/airflow/dags
[2025-12-03T10:55:59.611+0000] {manager.py:737} INFO - Searching for files in /opt/airflow/dags
[2025-12-03T10:55:59.615+0000] {manager.py:740} INFO - There are 0 files in /opt/airflow/dags
[2025-12-03T11:00:59.633+0000] {manager.py:737} INFO - Searching for files in /opt/airflow/dags
[2025-12-03T11:00:59.637+0000] {manager.py:740} INFO - There are 0 files in /opt/airflow/dags
[2025-12-03T11:05:59.636+0000] {manager.py:737} INFO - Searching for files in /opt/airflow/dags
[2025-12-03T11:05:59.640+0000] {manager.py:740} INFO - There are 0 files in /opt/airflow/dags
[2025-12-03T11:10:59.640+0000] {manager.py:737} INFO - Searching for files in /opt/airflow/dags
[2025-12-03T11:10:59.643+0000] {manager.py:740} INFO - There are 0 files in /opt/airflow/dags
[2025-12-03T11:15:59.659+0000] {manager.py:737} INFO - Searching for files in /opt/airflow/dags
[2025-12-03T11:15:59.663+0000] {manager.py:740} INFO - There are 0 files in /opt/airflow/dags
[2025-12-03T11:20:59.747+0000] {manager.py:737} INFO - Searching for files in /opt/airflow/dags
[2025-12-03T11:20:59.750+0000] {manager.py:740} INFO - There are 0 files in /opt/airflow/dags
[2025-12-03T11:25:59.771+0000] {manager.py:737} INFO - Searching for files in /opt/airflow/dags
[2025-12-03T11:25:59.774+0000] {manager.py:740} INFO - There are 0 files in /opt/airflow/dags
[2025-12-03T11:30:59.806+0000] {manager.py:737} INFO - Searching for files in /opt/airflow/dags
[2025-12-03T11:30:59.809+0000] {manager.py:740} INFO - There are 0 files in /opt/airflow/dags
[2025-12-03T11:35:59.843+0000] {manager.py:737} INFO - Searching for files in /opt/airflow/dags
[2025-12-03T11:35:59.847+0000] {manager.py:740} INFO - There are 0 files in /opt/airflow/dags
[2025-12-03T11:40:59.891+0000] {manager.py:737} INFO - Searching for files in /opt/airflow/dags
[2025-12-03T11:40:59.894+0000] {manager.py:740} INFO - There are 0 files in /opt/airflow/dags
[2025-12-03T11:45:59.999+0000] {manager.py:737} INFO - Searching for files in /opt/airflow/dags
[2025-12-03T11:46:00.002+0000] {manager.py:740} INFO - There are 0 files in /opt/airflow/dags
[2025-12-03T11:51:00.214+0000] {manager.py:737} INFO - Searching for files in /opt/airflow/dags
[2025-12-03T11:51:00.219+0000] {manager.py:740} INFO - There are 0 files in /opt/airflow/dags
[2025-12-03T11:56:00.702+0000] {manager.py:737} INFO - Searching for files in /opt/airflow/dags
[2025-12-03T11:56:00.706+0000] {manager.py:740} INFO - There are 0 files in /opt/airflow/dags
[2025-12-03T12:01:00.836+0000] {manager.py:737} INFO - Searching for files in /opt/airflow/dags
[2025-12-03T12:01:00.840+0000] {manager.py:740} INFO - There are 0 files in /opt/airflow/dags
[2025-12-03T12:06:01.001+0000] {manager.py:737} INFO - Searching for files in /opt/airflow/dags
[2025-12-03T12:06:01.005+0000] {manager.py:740} INFO - There are 0 files in /opt/airflow/dags
[2025-12-03T12:08:31.187+0000] {manager.py:452} INFO - Exiting gracefully upon receiving signal 15
[2025-12-03T15:34:23.502+0000] {manager.py:470} INFO - Processing files using up to 2 processes at a time 
[2025-12-03T15:34:23.504+0000] {manager.py:471} INFO - Process each file at most once every 30 seconds
[2025-12-03T15:34:23.505+0000] {manager.py:472} INFO - Checking for new files in /opt/airflow/dags every 300 seconds
[2025-12-03T15:34:23.507+0000] {manager.py:737} INFO - Searching for files in /opt/airflow/dags
[2025-12-03T15:34:23.512+0000] {manager.py:740} INFO - There are 0 files in /opt/airflow/dags
[2025-12-03T15:39:24.309+0000] {manager.py:737} INFO - Searching for files in /opt/airflow/dags
[2025-12-03T15:39:24.325+0000] {manager.py:740} INFO - There are 0 files in /opt/airflow/dags
[2025-12-03T15:44:25.135+0000] {manager.py:737} INFO - Searching for files in /opt/airflow/dags
[2025-12-03T15:44:25.140+0000] {manager.py:740} INFO - There are 0 files in /opt/airflow/dags
[2025-12-03T15:49:25.940+0000] {manager.py:737} INFO - Searching for files in /opt/airflow/dags
[2025-12-03T15:49:25.956+0000] {manager.py:740} INFO - There are 0 files in /opt/airflow/dags
[2025-12-03T15:52:21.678+0000] {manager.py:452} INFO - Exiting gracefully upon receiving signal 15
[2025-12-09T07:55:48.068+0000] {manager.py:470} INFO - Processing files using up to 2 processes at a time 
[2025-12-09T07:55:48.070+0000] {manager.py:471} INFO - Process each file at most once every 30 seconds
[2025-12-09T07:55:48.071+0000] {manager.py:472} INFO - Checking for new files in /opt/airflow/dags every 300 seconds
[2025-12-09T07:55:48.072+0000] {manager.py:737} INFO - Searching for files in /opt/airflow/dags
[2025-12-09T07:55:48.075+0000] {manager.py:740} INFO - There are 0 files in /opt/airflow/dags
[2025-12-09T08:00:48.130+0000] {manager.py:737} INFO - Searching for files in /opt/airflow/dags
[2025-12-09T08:00:48.133+0000] {manager.py:740} INFO - There are 0 files in /opt/airflow/dags
[2025-12-09T08:05:48.156+0000] {manager.py:737} INFO - Searching for files in /opt/airflow/dags
[2025-12-09T08:05:48.160+0000] {manager.py:740} INFO - There are 0 files in /opt/airflow/dags
[2025-12-09T08:10:48.174+0000] {manager.py:737} INFO - Searching for files in /opt/airflow/dags
[2025-12-09T08:10:48.178+0000] {manager.py:740} INFO - There are 0 files in /opt/airflow/dags
[2025-12-09T08:15:48.253+0000] {manager.py:737} INFO - Searching for files in /opt/airflow/dags
[2025-12-09T08:15:48.257+0000] {manager.py:740} INFO - There are 0 files in /opt/airflow/dags
[2025-12-09T08:20:48.284+0000] {manager.py:737} INFO - Searching for files in /opt/airflow/dags
[2025-12-09T08:20:48.288+0000] {manager.py:740} INFO - There are 0 files in /opt/airflow/dags
[2025-12-09T08:25:48.490+0000] {manager.py:737} INFO - Searching for files in /opt/airflow/dags
[2025-12-09T08:25:48.494+0000] {manager.py:740} INFO - There are 0 files in /opt/airflow/dags
[2025-12-09T08:30:48.720+0000] {manager.py:737} INFO - Searching for files in /opt/airflow/dags
[2025-12-09T08:30:48.724+0000] {manager.py:740} INFO - There are 0 files in /opt/airflow/dags
[2025-12-09T08:35:49.032+0000] {manager.py:737} INFO - Searching for files in /opt/airflow/dags
[2025-12-09T08:35:49.036+0000] {manager.py:740} INFO - There are 0 files in /opt/airflow/dags
[2025-12-09T08:40:49.230+0000] {manager.py:737} INFO - Searching for files in /opt/airflow/dags
[2025-12-09T08:40:49.234+0000] {manager.py:740} INFO - There are 0 files in /opt/airflow/dags
[2025-12-09T08:45:49.364+0000] {manager.py:737} INFO - Searching for files in /opt/airflow/dags
[2025-12-09T08:45:49.367+0000] {manager.py:740} INFO - There are 0 files in /opt/airflow/dags
[2025-12-09T08:50:49.554+0000] {manager.py:737} INFO - Searching for files in /opt/airflow/dags
[2025-12-09T08:50:49.557+0000] {manager.py:740} INFO - There are 0 files in /opt/airflow/dags
[2025-12-09T08:55:49.809+0000] {manager.py:737} INFO - Searching for files in /opt/airflow/dags
[2025-12-09T08:55:49.819+0000] {manager.py:740} INFO - There are 0 files in /opt/airflow/dags
[2025-12-09T09:00:50.242+0000] {manager.py:737} INFO - Searching for files in /opt/airflow/dags
[2025-12-09T09:00:50.246+0000] {manager.py:740} INFO - There are 0 files in /opt/airflow/dags
[2025-12-09T09:05:50.576+0000] {manager.py:737} INFO - Searching for files in /opt/airflow/dags
[2025-12-09T09:05:50.580+0000] {manager.py:740} INFO - There are 0 files in /opt/airflow/dags
[2025-12-09T09:10:50.747+0000] {manager.py:737} INFO - Searching for files in /opt/airflow/dags
[2025-12-09T09:10:50.751+0000] {manager.py:740} INFO - There are 0 files in /opt/airflow/dags
[2025-12-09T09:15:50.884+0000] {manager.py:737} INFO - Searching for files in /opt/airflow/dags
[2025-12-09T09:15:50.887+0000] {manager.py:740} INFO - There are 0 files in /opt/airflow/dags
[2025-12-09T09:20:51.032+0000] {manager.py:737} INFO - Searching for files in /opt/airflow/dags
[2025-12-09T09:20:51.035+0000] {manager.py:740} INFO - There are 0 files in /opt/airflow/dags
[2025-12-09T09:25:52.015+0000] {manager.py:737} INFO - Searching for files in /opt/airflow/dags
[2025-12-09T09:25:52.018+0000] {manager.py:740} INFO - There are 0 files in /opt/airflow/dags
[2025-12-09T09:30:52.149+0000] {manager.py:737} INFO - Searching for files in /opt/airflow/dags
[2025-12-09T09:30:52.154+0000] {manager.py:740} INFO - There are 0 files in /opt/airflow/dags
[2025-12-09T09:35:52.344+0000] {manager.py:737} INFO - Searching for files in /opt/airflow/dags
[2025-12-09T09:35:52.359+0000] {manager.py:740} INFO - There are 0 files in /opt/airflow/dags
[2025-12-09T09:40:52.447+0000] {manager.py:737} INFO - Searching for files in /opt/airflow/dags
[2025-12-09T09:40:52.450+0000] {manager.py:740} INFO - There are 0 files in /opt/airflow/dags
[2025-12-09T09:45:52.457+0000] {manager.py:737} INFO - Searching for files in /opt/airflow/dags
[2025-12-09T09:45:52.461+0000] {manager.py:740} INFO - There are 0 files in /opt/airflow/dags
[2025-12-09T09:50:52.481+0000] {manager.py:737} INFO - Searching for files in /opt/airflow/dags
[2025-12-09T09:50:52.485+0000] {manager.py:740} INFO - There are 0 files in /opt/airflow/dags
[2025-12-09T09:55:52.689+0000] {manager.py:737} INFO - Searching for files in /opt/airflow/dags
[2025-12-09T09:55:52.692+0000] {manager.py:740} INFO - There are 0 files in /opt/airflow/dags
[2025-12-09T10:00:52.930+0000] {manager.py:737} INFO - Searching for files in /opt/airflow/dags
[2025-12-09T10:00:52.934+0000] {manager.py:740} INFO - There are 0 files in /opt/airflow/dags
[2025-12-09T10:05:53.233+0000] {manager.py:737} INFO - Searching for files in /opt/airflow/dags
[2025-12-09T10:05:53.243+0000] {manager.py:740} INFO - There are 0 files in /opt/airflow/dags
[2025-12-09T10:10:53.616+0000] {manager.py:737} INFO - Searching for files in /opt/airflow/dags
[2025-12-09T10:10:53.620+0000] {manager.py:740} INFO - There are 0 files in /opt/airflow/dags
[2025-12-09T10:15:53.804+0000] {manager.py:737} INFO - Searching for files in /opt/airflow/dags
[2025-12-09T10:15:53.807+0000] {manager.py:740} INFO - There are 0 files in /opt/airflow/dags
[2025-12-09T10:20:53.948+0000] {manager.py:737} INFO - Searching for files in /opt/airflow/dags
[2025-12-09T10:20:53.951+0000] {manager.py:740} INFO - There are 0 files in /opt/airflow/dags
[2025-12-09T10:25:53.999+0000] {manager.py:737} INFO - Searching for files in /opt/airflow/dags
[2025-12-09T10:25:54.002+0000] {manager.py:740} INFO - There are 0 files in /opt/airflow/dags
[2025-12-09T10:30:54.030+0000] {manager.py:737} INFO - Searching for files in /opt/airflow/dags
[2025-12-09T10:30:54.033+0000] {manager.py:740} INFO - There are 0 files in /opt/airflow/dags
[2025-12-09T10:35:54.043+0000] {manager.py:737} INFO - Searching for files in /opt/airflow/dags
[2025-12-09T10:35:54.047+0000] {manager.py:740} INFO - There are 0 files in /opt/airflow/dags
[2025-12-09T10:40:55.028+0000] {manager.py:737} INFO - Searching for files in /opt/airflow/dags
[2025-12-09T10:40:55.031+0000] {manager.py:740} INFO - There are 0 files in /opt/airflow/dags
[2025-12-09T10:42:37.468+0000] {manager.py:452} INFO - Exiting gracefully upon receiving signal 15
[2025-12-09T10:43:07.476+0000] {manager.py:470} INFO - Processing files using up to 2 processes at a time 
[2025-12-09T10:43:07.478+0000] {manager.py:471} INFO - Process each file at most once every 30 seconds
[2025-12-09T10:43:07.479+0000] {manager.py:472} INFO - Checking for new files in /opt/airflow/dags every 300 seconds
[2025-12-09T10:43:07.481+0000] {manager.py:737} INFO - Searching for files in /opt/airflow/dags
[2025-12-09T10:43:07.487+0000] {manager.py:740} INFO - There are 0 files in /opt/airflow/dags
[2025-12-09T10:48:07.596+0000] {manager.py:737} INFO - Searching for files in /opt/airflow/dags
[2025-12-09T10:48:07.600+0000] {manager.py:740} INFO - There are 0 files in /opt/airflow/dags
[2025-12-09T10:53:08.567+0000] {manager.py:737} INFO - Searching for files in /opt/airflow/dags
[2025-12-09T10:53:08.571+0000] {manager.py:740} INFO - There are 0 files in /opt/airflow/dags
[2025-12-09T10:58:08.676+0000] {manager.py:737} INFO - Searching for files in /opt/airflow/dags
[2025-12-09T10:58:08.692+0000] {manager.py:740} INFO - There are 0 files in /opt/airflow/dags
[2025-12-09T11:03:09.062+0000] {manager.py:737} INFO - Searching for files in /opt/airflow/dags
[2025-12-09T11:03:09.065+0000] {manager.py:740} INFO - There are 0 files in /opt/airflow/dags
[2025-12-09T11:08:09.070+0000] {manager.py:737} INFO - Searching for files in /opt/airflow/dags
[2025-12-09T11:08:09.074+0000] {manager.py:740} INFO - There are 0 files in /opt/airflow/dags
[2025-12-09T11:13:09.165+0000] {manager.py:737} INFO - Searching for files in /opt/airflow/dags
[2025-12-09T11:13:09.168+0000] {manager.py:740} INFO - There are 0 files in /opt/airflow/dags
[2025-12-09T11:18:09.309+0000] {manager.py:737} INFO - Searching for files in /opt/airflow/dags
[2025-12-09T11:18:09.314+0000] {manager.py:740} INFO - There are 0 files in /opt/airflow/dags
[2025-12-09T11:21:43.708+0000] {manager.py:452} INFO - Exiting gracefully upon receiving signal 15
[2025-12-09T11:24:20.343+0000] {manager.py:470} INFO - Processing files using up to 2 processes at a time 
[2025-12-09T11:24:20.344+0000] {manager.py:471} INFO - Process each file at most once every 30 seconds
[2025-12-09T11:24:20.345+0000] {manager.py:472} INFO - Checking for new files in /opt/airflow/dags every 300 seconds
[2025-12-09T11:24:20.346+0000] {manager.py:737} INFO - Searching for files in /opt/airflow/dags
[2025-12-09T11:24:20.351+0000] {manager.py:740} INFO - There are 0 files in /opt/airflow/dags
=======
>>>>>>> 730a3c8b3bb29e628ab3e747f6d57de3e0bf5375
[2025-12-09T11:49:47.732+0000] {manager.py:470} INFO - Processing files using up to 2 processes at a time 
[2025-12-09T11:49:47.733+0000] {manager.py:471} INFO - Process each file at most once every 30 seconds
[2025-12-09T11:49:47.734+0000] {manager.py:472} INFO - Checking for new files in /opt/airflow/dags every 300 seconds
[2025-12-09T11:49:47.735+0000] {manager.py:737} INFO - Searching for files in /opt/airflow/dags
[2025-12-09T11:49:47.738+0000] {manager.py:740} INFO - There are 0 files in /opt/airflow/dags
[2025-12-09T11:54:47.876+0000] {manager.py:737} INFO - Searching for files in /opt/airflow/dags
[2025-12-09T11:54:47.879+0000] {manager.py:740} INFO - There are 0 files in /opt/airflow/dags
[2025-12-09T11:59:48.853+0000] {manager.py:737} INFO - Searching for files in /opt/airflow/dags
[2025-12-09T11:59:48.857+0000] {manager.py:740} INFO - There are 0 files in /opt/airflow/dags
[2025-12-09T12:04:48.856+0000] {manager.py:737} INFO - Searching for files in /opt/airflow/dags
[2025-12-09T12:04:48.860+0000] {manager.py:740} INFO - There are 0 files in /opt/airflow/dags
[2025-12-09T12:09:48.904+0000] {manager.py:737} INFO - Searching for files in /opt/airflow/dags
[2025-12-09T12:09:48.907+0000] {manager.py:740} INFO - There are 0 files in /opt/airflow/dags
[2025-12-09T12:14:48.949+0000] {manager.py:737} INFO - Searching for files in /opt/airflow/dags
[2025-12-09T12:14:48.951+0000] {manager.py:740} INFO - There are 0 files in /opt/airflow/dags
[2025-12-09T12:19:49.928+0000] {manager.py:737} INFO - Searching for files in /opt/airflow/dags
[2025-12-09T12:19:49.932+0000] {manager.py:740} INFO - There are 0 files in /opt/airflow/dags
[2025-12-09T12:21:17.793+0000] {manager.py:452} INFO - Exiting gracefully upon receiving signal 15
[2025-12-09T12:21:48.127+0000] {manager.py:470} INFO - Processing files using up to 2 processes at a time 
[2025-12-09T12:21:48.128+0000] {manager.py:471} INFO - Process each file at most once every 30 seconds
[2025-12-09T12:21:48.129+0000] {manager.py:472} INFO - Checking for new files in /opt/airflow/dags every 300 seconds
[2025-12-09T12:21:48.131+0000] {manager.py:737} INFO - Searching for files in /opt/airflow/dags
[2025-12-09T12:21:48.136+0000] {manager.py:740} INFO - There are 0 files in /opt/airflow/dags
[2025-12-09T12:26:48.218+0000] {manager.py:737} INFO - Searching for files in /opt/airflow/dags
[2025-12-09T12:26:48.221+0000] {manager.py:740} INFO - There are 0 files in /opt/airflow/dags
[2025-12-09T12:29:34.504+0000] {manager.py:452} INFO - Exiting gracefully upon receiving signal 15
[2025-12-10T06:54:22.046+0000] {manager.py:470} INFO - Processing files using up to 2 processes at a time 
[2025-12-10T06:54:22.093+0000] {manager.py:471} INFO - Process each file at most once every 30 seconds
[2025-12-10T06:54:22.094+0000] {manager.py:472} INFO - Checking for new files in /opt/airflow/dags every 300 seconds
[2025-12-10T06:54:22.095+0000] {manager.py:737} INFO - Searching for files in /opt/airflow/dags
[2025-12-10T06:54:22.098+0000] {manager.py:740} INFO - There are 0 files in /opt/airflow/dags
[2025-12-10T06:59:22.284+0000] {manager.py:737} INFO - Searching for files in /opt/airflow/dags
[2025-12-10T06:59:22.289+0000] {manager.py:740} INFO - There are 0 files in /opt/airflow/dags
[2025-12-10T07:04:22.380+0000] {manager.py:737} INFO - Searching for files in /opt/airflow/dags
[2025-12-10T07:04:22.383+0000] {manager.py:740} INFO - There are 0 files in /opt/airflow/dags
[2025-12-10T07:09:22.860+0000] {manager.py:737} INFO - Searching for files in /opt/airflow/dags
[2025-12-10T07:09:22.864+0000] {manager.py:740} INFO - There are 0 files in /opt/airflow/dags
[2025-12-10T07:14:22.979+0000] {manager.py:737} INFO - Searching for files in /opt/airflow/dags
[2025-12-10T07:14:22.983+0000] {manager.py:740} INFO - There are 0 files in /opt/airflow/dags
[2025-12-10T07:19:23.022+0000] {manager.py:737} INFO - Searching for files in /opt/airflow/dags
[2025-12-10T07:19:23.027+0000] {manager.py:740} INFO - There are 0 files in /opt/airflow/dags
[2025-12-10T07:24:23.052+0000] {manager.py:737} INFO - Searching for files in /opt/airflow/dags
[2025-12-10T07:24:23.056+0000] {manager.py:740} INFO - There are 0 files in /opt/airflow/dags
[2025-12-10T07:29:23.120+0000] {manager.py:737} INFO - Searching for files in /opt/airflow/dags
[2025-12-10T07:29:23.124+0000] {manager.py:740} INFO - There are 0 files in /opt/airflow/dags
[2025-12-10T07:34:23.198+0000] {manager.py:737} INFO - Searching for files in /opt/airflow/dags
[2025-12-10T07:34:23.204+0000] {manager.py:740} INFO - There are 0 files in /opt/airflow/dags
[2025-12-10T07:39:24.185+0000] {manager.py:737} INFO - Searching for files in /opt/airflow/dags
[2025-12-10T07:39:24.188+0000] {manager.py:740} INFO - There are 0 files in /opt/airflow/dags
[2025-12-10T07:44:25.174+0000] {manager.py:737} INFO - Searching for files in /opt/airflow/dags
[2025-12-10T07:44:25.177+0000] {manager.py:740} INFO - There are 0 files in /opt/airflow/dags
[2025-12-10T07:49:26.156+0000] {manager.py:737} INFO - Searching for files in /opt/airflow/dags
[2025-12-10T07:49:26.160+0000] {manager.py:740} INFO - There are 0 files in /opt/airflow/dags
[2025-12-10T07:54:27.114+0000] {manager.py:737} INFO - Searching for files in /opt/airflow/dags
[2025-12-10T07:54:27.118+0000] {manager.py:740} INFO - There are 0 files in /opt/airflow/dags
[2025-12-10T07:59:27.138+0000] {manager.py:737} INFO - Searching for files in /opt/airflow/dags
[2025-12-10T07:59:27.141+0000] {manager.py:740} INFO - There are 0 files in /opt/airflow/dags
[2025-12-10T08:04:27.181+0000] {manager.py:737} INFO - Searching for files in /opt/airflow/dags
[2025-12-10T08:04:27.193+0000] {manager.py:740} INFO - There are 0 files in /opt/airflow/dags
[2025-12-10T08:09:27.210+0000] {manager.py:737} INFO - Searching for files in /opt/airflow/dags
[2025-12-10T08:09:27.215+0000] {manager.py:740} INFO - There are 0 files in /opt/airflow/dags
[2025-12-10T08:14:28.203+0000] {manager.py:737} INFO - Searching for files in /opt/airflow/dags
[2025-12-10T08:14:28.209+0000] {manager.py:740} INFO - There are 0 files in /opt/airflow/dags
[2025-12-10T08:19:29.186+0000] {manager.py:737} INFO - Searching for files in /opt/airflow/dags
[2025-12-10T08:19:29.189+0000] {manager.py:740} INFO - There are 0 files in /opt/airflow/dags
[2025-12-10T08:24:29.187+0000] {manager.py:737} INFO - Searching for files in /opt/airflow/dags
[2025-12-10T08:24:29.203+0000] {manager.py:740} INFO - There are 0 files in /opt/airflow/dags
[2025-12-10T08:29:29.206+0000] {manager.py:737} INFO - Searching for files in /opt/airflow/dags
[2025-12-10T08:29:29.209+0000] {manager.py:740} INFO - There are 0 files in /opt/airflow/dags
[2025-12-10T08:34:30.188+0000] {manager.py:737} INFO - Searching for files in /opt/airflow/dags
[2025-12-10T08:34:30.192+0000] {manager.py:740} INFO - There are 0 files in /opt/airflow/dags
[2025-12-10T08:39:30.228+0000] {manager.py:737} INFO - Searching for files in /opt/airflow/dags
[2025-12-10T08:39:30.232+0000] {manager.py:740} INFO - There are 0 files in /opt/airflow/dags
[2025-12-10T08:44:30.293+0000] {manager.py:737} INFO - Searching for files in /opt/airflow/dags
[2025-12-10T08:44:30.306+0000] {manager.py:740} INFO - There are 0 files in /opt/airflow/dags
[2025-12-10T08:49:31.281+0000] {manager.py:737} INFO - Searching for files in /opt/airflow/dags
[2025-12-10T08:49:31.284+0000] {manager.py:740} INFO - There are 0 files in /opt/airflow/dags
[2025-12-10T08:54:32.248+0000] {manager.py:737} INFO - Searching for files in /opt/airflow/dags
[2025-12-10T08:54:32.251+0000] {manager.py:740} INFO - There are 0 files in /opt/airflow/dags
[2025-12-10T08:59:33.230+0000] {manager.py:737} INFO - Searching for files in /opt/airflow/dags
[2025-12-10T08:59:33.233+0000] {manager.py:740} INFO - There are 0 files in /opt/airflow/dags
[2025-12-10T09:04:33.231+0000] {manager.py:737} INFO - Searching for files in /opt/airflow/dags
[2025-12-10T09:04:33.234+0000] {manager.py:740} INFO - There are 0 files in /opt/airflow/dags
[2025-12-10T09:09:33.250+0000] {manager.py:737} INFO - Searching for files in /opt/airflow/dags
[2025-12-10T09:09:33.255+0000] {manager.py:740} INFO - There are 0 files in /opt/airflow/dags
[2025-12-10T09:14:33.338+0000] {manager.py:737} INFO - Searching for files in /opt/airflow/dags
[2025-12-10T09:14:33.342+0000] {manager.py:740} INFO - There are 0 files in /opt/airflow/dags
[2025-12-10T09:19:33.422+0000] {manager.py:737} INFO - Searching for files in /opt/airflow/dags
[2025-12-10T09:19:33.427+0000] {manager.py:740} INFO - There are 0 files in /opt/airflow/dags
[2025-12-10T09:24:33.577+0000] {manager.py:737} INFO - Searching for files in /opt/airflow/dags
[2025-12-10T09:24:33.580+0000] {manager.py:740} INFO - There are 0 files in /opt/airflow/dags
[2025-12-10T09:29:33.633+0000] {manager.py:737} INFO - Searching for files in /opt/airflow/dags
[2025-12-10T09:29:33.636+0000] {manager.py:740} INFO - There are 0 files in /opt/airflow/dags
[2025-12-10T09:34:33.660+0000] {manager.py:737} INFO - Searching for files in /opt/airflow/dags
[2025-12-10T09:34:33.663+0000] {manager.py:740} INFO - There are 0 files in /opt/airflow/dags
[2025-12-10T09:39:33.675+0000] {manager.py:737} INFO - Searching for files in /opt/airflow/dags
[2025-12-10T09:39:33.678+0000] {manager.py:740} INFO - There are 0 files in /opt/airflow/dags
[2025-12-10T09:44:33.676+0000] {manager.py:737} INFO - Searching for files in /opt/airflow/dags
[2025-12-10T09:44:33.679+0000] {manager.py:740} INFO - There are 0 files in /opt/airflow/dags
[2025-12-10T09:49:33.700+0000] {manager.py:737} INFO - Searching for files in /opt/airflow/dags
[2025-12-10T09:49:33.703+0000] {manager.py:740} INFO - There are 0 files in /opt/airflow/dags
[2025-12-10T09:54:33.711+0000] {manager.py:737} INFO - Searching for files in /opt/airflow/dags
[2025-12-10T09:54:33.715+0000] {manager.py:740} INFO - There are 0 files in /opt/airflow/dags
[2025-12-10T09:59:33.761+0000] {manager.py:737} INFO - Searching for files in /opt/airflow/dags
[2025-12-10T09:59:33.764+0000] {manager.py:740} INFO - There are 0 files in /opt/airflow/dags
[2025-12-10T10:04:33.798+0000] {manager.py:737} INFO - Searching for files in /opt/airflow/dags
[2025-12-10T10:04:33.802+0000] {manager.py:740} INFO - There are 0 files in /opt/airflow/dags
[2025-12-10T10:09:33.941+0000] {manager.py:737} INFO - Searching for files in /opt/airflow/dags
[2025-12-10T10:09:33.945+0000] {manager.py:740} INFO - There are 0 files in /opt/airflow/dags
[2025-12-10T10:14:33.957+0000] {manager.py:737} INFO - Searching for files in /opt/airflow/dags
[2025-12-10T10:14:33.960+0000] {manager.py:740} INFO - There are 0 files in /opt/airflow/dags
[2025-12-10T10:19:33.993+0000] {manager.py:737} INFO - Searching for files in /opt/airflow/dags
[2025-12-10T10:19:33.997+0000] {manager.py:740} INFO - There are 0 files in /opt/airflow/dags
[2025-12-10T10:24:34.021+0000] {manager.py:737} INFO - Searching for files in /opt/airflow/dags
[2025-12-10T10:24:34.025+0000] {manager.py:740} INFO - There are 0 files in /opt/airflow/dags
[2025-12-10T10:29:34.027+0000] {manager.py:737} INFO - Searching for files in /opt/airflow/dags
[2025-12-10T10:29:34.031+0000] {manager.py:740} INFO - There are 0 files in /opt/airflow/dags
[2025-12-10T10:34:34.044+0000] {manager.py:737} INFO - Searching for files in /opt/airflow/dags
[2025-12-10T10:34:34.058+0000] {manager.py:740} INFO - There are 0 files in /opt/airflow/dags
[2025-12-10T10:39:34.209+0000] {manager.py:737} INFO - Searching for files in /opt/airflow/dags
[2025-12-10T10:39:34.213+0000] {manager.py:740} INFO - There are 0 files in /opt/airflow/dags
[2025-12-10T10:44:34.292+0000] {manager.py:737} INFO - Searching for files in /opt/airflow/dags
[2025-12-10T10:44:34.295+0000] {manager.py:740} INFO - There are 0 files in /opt/airflow/dags
[2025-12-10T10:49:34.351+0000] {manager.py:737} INFO - Searching for files in /opt/airflow/dags
[2025-12-10T10:49:34.354+0000] {manager.py:740} INFO - There are 0 files in /opt/airflow/dags
[2025-12-10T10:54:34.421+0000] {manager.py:737} INFO - Searching for files in /opt/airflow/dags
[2025-12-10T10:54:34.425+0000] {manager.py:740} INFO - There are 0 files in /opt/airflow/dags
[2025-12-10T10:59:34.541+0000] {manager.py:737} INFO - Searching for files in /opt/airflow/dags
[2025-12-10T10:59:34.558+0000] {manager.py:740} INFO - There are 0 files in /opt/airflow/dags
[2025-12-10T11:04:34.622+0000] {manager.py:737} INFO - Searching for files in /opt/airflow/dags
[2025-12-10T11:04:34.629+0000] {manager.py:740} INFO - There are 0 files in /opt/airflow/dags
[2025-12-10T11:09:34.811+0000] {manager.py:737} INFO - Searching for files in /opt/airflow/dags
[2025-12-10T11:09:34.815+0000] {manager.py:740} INFO - There are 0 files in /opt/airflow/dags
[2025-12-10T11:14:34.936+0000] {manager.py:737} INFO - Searching for files in /opt/airflow/dags
[2025-12-10T11:14:34.940+0000] {manager.py:740} INFO - There are 0 files in /opt/airflow/dags
[2025-12-10T11:19:34.983+0000] {manager.py:737} INFO - Searching for files in /opt/airflow/dags
[2025-12-10T11:19:34.987+0000] {manager.py:740} INFO - There are 0 files in /opt/airflow/dags
[2025-12-10T11:24:34.999+0000] {manager.py:737} INFO - Searching for files in /opt/airflow/dags
[2025-12-10T11:24:35.003+0000] {manager.py:740} INFO - There are 0 files in /opt/airflow/dags
[2025-12-10T11:29:35.023+0000] {manager.py:737} INFO - Searching for files in /opt/airflow/dags
[2025-12-10T11:29:35.025+0000] {manager.py:740} INFO - There are 0 files in /opt/airflow/dags
[2025-12-10T11:34:35.042+0000] {manager.py:737} INFO - Searching for files in /opt/airflow/dags
[2025-12-10T11:34:35.045+0000] {manager.py:740} INFO - There are 0 files in /opt/airflow/dags
[2025-12-10T11:39:35.070+0000] {manager.py:737} INFO - Searching for files in /opt/airflow/dags
[2025-12-10T11:39:35.074+0000] {manager.py:740} INFO - There are 0 files in /opt/airflow/dags
[2025-12-10T11:44:35.075+0000] {manager.py:737} INFO - Searching for files in /opt/airflow/dags
[2025-12-10T11:44:35.079+0000] {manager.py:740} INFO - There are 0 files in /opt/airflow/dags
[2025-12-10T11:49:35.131+0000] {manager.py:737} INFO - Searching for files in /opt/airflow/dags
[2025-12-10T11:49:35.135+0000] {manager.py:740} INFO - There are 0 files in /opt/airflow/dags
[2025-12-10T11:54:35.208+0000] {manager.py:737} INFO - Searching for files in /opt/airflow/dags
[2025-12-10T11:54:35.213+0000] {manager.py:740} INFO - There are 0 files in /opt/airflow/dags
[2025-12-10T11:59:35.334+0000] {manager.py:737} INFO - Searching for files in /opt/airflow/dags
[2025-12-10T11:59:35.337+0000] {manager.py:740} INFO - There are 0 files in /opt/airflow/dags
[2025-12-10T12:04:35.447+0000] {manager.py:737} INFO - Searching for files in /opt/airflow/dags
[2025-12-10T12:04:35.450+0000] {manager.py:740} INFO - There are 0 files in /opt/airflow/dags
[2025-12-10T12:09:35.472+0000] {manager.py:737} INFO - Searching for files in /opt/airflow/dags
[2025-12-10T12:09:35.474+0000] {manager.py:740} INFO - There are 0 files in /opt/airflow/dags
[2025-12-10T12:14:35.496+0000] {manager.py:737} INFO - Searching for files in /opt/airflow/dags
[2025-12-10T12:14:35.500+0000] {manager.py:740} INFO - There are 0 files in /opt/airflow/dags
[2025-12-10T12:19:35.593+0000] {manager.py:737} INFO - Searching for files in /opt/airflow/dags
[2025-12-10T12:19:35.598+0000] {manager.py:740} INFO - There are 0 files in /opt/airflow/dags
[2025-12-10T12:22:03.665+0000] {manager.py:452} INFO - Exiting gracefully upon receiving signal 15
[2025-12-16T05:11:40.283+0000] {manager.py:470} INFO - Processing files using up to 2 processes at a time 
[2025-12-16T05:11:40.287+0000] {manager.py:471} INFO - Process each file at most once every 30 seconds
[2025-12-16T05:11:40.288+0000] {manager.py:472} INFO - Checking for new files in /opt/airflow/dags every 300 seconds
[2025-12-16T05:11:40.289+0000] {manager.py:737} INFO - Searching for files in /opt/airflow/dags
[2025-12-16T05:11:40.293+0000] {manager.py:740} INFO - There are 0 files in /opt/airflow/dags
[2025-12-16T05:16:41.278+0000] {manager.py:737} INFO - Searching for files in /opt/airflow/dags
[2025-12-16T05:16:41.282+0000] {manager.py:740} INFO - There are 0 files in /opt/airflow/dags
[2025-12-16T05:21:42.206+0000] {manager.py:737} INFO - Searching for files in /opt/airflow/dags
[2025-12-16T05:21:42.209+0000] {manager.py:740} INFO - There are 0 files in /opt/airflow/dags
[2025-12-16T05:26:43.166+0000] {manager.py:737} INFO - Searching for files in /opt/airflow/dags
[2025-12-16T05:26:43.169+0000] {manager.py:740} INFO - There are 0 files in /opt/airflow/dags
[2025-12-16T05:31:44.089+0000] {manager.py:737} INFO - Searching for files in /opt/airflow/dags
[2025-12-16T05:31:44.094+0000] {manager.py:740} INFO - There are 0 files in /opt/airflow/dags
[2025-12-16T05:36:45.008+0000] {manager.py:737} INFO - Searching for files in /opt/airflow/dags
[2025-12-16T05:36:45.010+0000] {manager.py:740} INFO - There are 0 files in /opt/airflow/dags
[2025-12-16T05:41:45.998+0000] {manager.py:737} INFO - Searching for files in /opt/airflow/dags
[2025-12-16T05:41:46.001+0000] {manager.py:740} INFO - There are 0 files in /opt/airflow/dags
[2025-12-16T05:46:46.032+0000] {manager.py:737} INFO - Searching for files in /opt/airflow/dags
[2025-12-16T05:46:46.036+0000] {manager.py:740} INFO - There are 0 files in /opt/airflow/dags
[2025-12-16T05:51:46.061+0000] {manager.py:737} INFO - Searching for files in /opt/airflow/dags
[2025-12-16T05:51:46.064+0000] {manager.py:740} INFO - There are 0 files in /opt/airflow/dags
[2025-12-16T05:56:47.022+0000] {manager.py:737} INFO - Searching for files in /opt/airflow/dags
[2025-12-16T05:56:47.025+0000] {manager.py:740} INFO - There are 0 files in /opt/airflow/dags
[2025-12-16T06:01:48.004+0000] {manager.py:737} INFO - Searching for files in /opt/airflow/dags
[2025-12-16T06:01:48.008+0000] {manager.py:740} INFO - There are 0 files in /opt/airflow/dags
[2025-12-16T06:06:48.996+0000] {manager.py:737} INFO - Searching for files in /opt/airflow/dags
[2025-12-16T06:06:48.998+0000] {manager.py:740} INFO - There are 0 files in /opt/airflow/dags
[2025-12-16T06:11:49.958+0000] {manager.py:737} INFO - Searching for files in /opt/airflow/dags
[2025-12-16T06:11:49.961+0000] {manager.py:740} INFO - There are 0 files in /opt/airflow/dags
[2025-12-16T06:16:50.001+0000] {manager.py:737} INFO - Searching for files in /opt/airflow/dags
[2025-12-16T06:16:50.003+0000] {manager.py:740} INFO - There are 0 files in /opt/airflow/dags
[2025-12-16T06:21:50.053+0000] {manager.py:737} INFO - Searching for files in /opt/airflow/dags
[2025-12-16T06:21:50.056+0000] {manager.py:740} INFO - There are 0 files in /opt/airflow/dags
[2025-12-16T06:26:51.051+0000] {manager.py:737} INFO - Searching for files in /opt/airflow/dags
[2025-12-16T06:26:51.055+0000] {manager.py:740} INFO - There are 0 files in /opt/airflow/dags
[2025-12-16T06:31:52.005+0000] {manager.py:737} INFO - Searching for files in /opt/airflow/dags
[2025-12-16T06:31:52.019+0000] {manager.py:740} INFO - There are 0 files in /opt/airflow/dags
[2025-12-16T06:36:53.000+0000] {manager.py:737} INFO - Searching for files in /opt/airflow/dags
[2025-12-16T06:36:53.003+0000] {manager.py:740} INFO - There are 0 files in /opt/airflow/dags
[2025-12-16T06:41:53.005+0000] {manager.py:737} INFO - Searching for files in /opt/airflow/dags
[2025-12-16T06:41:53.009+0000] {manager.py:740} INFO - There are 0 files in /opt/airflow/dags
[2025-12-16T06:46:53.043+0000] {manager.py:737} INFO - Searching for files in /opt/airflow/dags
[2025-12-16T06:46:53.048+0000] {manager.py:740} INFO - There are 0 files in /opt/airflow/dags
[2025-12-16T06:51:53.122+0000] {manager.py:737} INFO - Searching for files in /opt/airflow/dags
[2025-12-16T06:51:53.125+0000] {manager.py:740} INFO - There are 0 files in /opt/airflow/dags
[2025-12-16T06:56:53.384+0000] {manager.py:737} INFO - Searching for files in /opt/airflow/dags
[2025-12-16T06:56:53.394+0000] {manager.py:740} INFO - There are 0 files in /opt/airflow/dags
[2025-12-16T07:01:53.676+0000] {manager.py:737} INFO - Searching for files in /opt/airflow/dags
[2025-12-16T07:01:53.679+0000] {manager.py:740} INFO - There are 0 files in /opt/airflow/dags
[2025-12-16T07:05:38.738+0000] {manager.py:452} INFO - Exiting gracefully upon receiving signal 15
[2025-12-16T08:04:41.723+0000] {manager.py:470} INFO - Processing files using up to 2 processes at a time 
[2025-12-16T08:04:41.724+0000] {manager.py:471} INFO - Process each file at most once every 30 seconds
[2025-12-16T08:04:41.725+0000] {manager.py:472} INFO - Checking for new files in /opt/airflow/dags every 300 seconds
[2025-12-16T08:04:41.727+0000] {manager.py:737} INFO - Searching for files in /opt/airflow/dags
[2025-12-16T08:04:41.730+0000] {manager.py:740} INFO - There are 0 files in /opt/airflow/dags
[2025-12-16T08:09:42.717+0000] {manager.py:737} INFO - Searching for files in /opt/airflow/dags
[2025-12-16T08:09:42.720+0000] {manager.py:740} INFO - There are 0 files in /opt/airflow/dags
[2025-12-16T08:14:42.732+0000] {manager.py:737} INFO - Searching for files in /opt/airflow/dags
[2025-12-16T08:14:42.735+0000] {manager.py:740} INFO - There are 0 files in /opt/airflow/dags
[2025-12-16T08:19:42.745+0000] {manager.py:737} INFO - Searching for files in /opt/airflow/dags
[2025-12-16T08:19:42.748+0000] {manager.py:740} INFO - There are 0 files in /opt/airflow/dags
[2025-12-16T08:24:42.757+0000] {manager.py:737} INFO - Searching for files in /opt/airflow/dags
[2025-12-16T08:24:42.761+0000] {manager.py:740} INFO - There are 0 files in /opt/airflow/dags
[2025-12-16T08:29:42.801+0000] {manager.py:737} INFO - Searching for files in /opt/airflow/dags
[2025-12-16T08:29:42.804+0000] {manager.py:740} INFO - There are 0 files in /opt/airflow/dags
[2025-12-16T08:34:43.737+0000] {manager.py:737} INFO - Searching for files in /opt/airflow/dags
[2025-12-16T08:34:43.740+0000] {manager.py:740} INFO - There are 0 files in /opt/airflow/dags
[2025-12-16T08:39:44.690+0000] {manager.py:737} INFO - Searching for files in /opt/airflow/dags
[2025-12-16T08:39:44.693+0000] {manager.py:740} INFO - There are 0 files in /opt/airflow/dags
[2025-12-16T08:44:44.699+0000] {manager.py:737} INFO - Searching for files in /opt/airflow/dags
[2025-12-16T08:44:44.703+0000] {manager.py:740} INFO - There are 0 files in /opt/airflow/dags
[2025-12-16T08:49:45.674+0000] {manager.py:737} INFO - Searching for files in /opt/airflow/dags
[2025-12-16T08:49:45.678+0000] {manager.py:740} INFO - There are 0 files in /opt/airflow/dags
[2025-12-16T08:54:46.642+0000] {manager.py:737} INFO - Searching for files in /opt/airflow/dags
[2025-12-16T08:54:46.646+0000] {manager.py:740} INFO - There are 0 files in /opt/airflow/dags
[2025-12-16T08:59:47.582+0000] {manager.py:737} INFO - Searching for files in /opt/airflow/dags
[2025-12-16T08:59:47.585+0000] {manager.py:740} INFO - There are 0 files in /opt/airflow/dags
[2025-12-16T09:04:48.553+0000] {manager.py:737} INFO - Searching for files in /opt/airflow/dags
[2025-12-16T09:04:48.557+0000] {manager.py:740} INFO - There are 0 files in /opt/airflow/dags
[2025-12-16T09:09:48.600+0000] {manager.py:737} INFO - Searching for files in /opt/airflow/dags
[2025-12-16T09:09:48.605+0000] {manager.py:740} INFO - There are 0 files in /opt/airflow/dags
[2025-12-16T09:14:48.614+0000] {manager.py:737} INFO - Searching for files in /opt/airflow/dags
[2025-12-16T09:14:48.618+0000] {manager.py:740} INFO - There are 0 files in /opt/airflow/dags
[2025-12-16T09:19:49.569+0000] {manager.py:737} INFO - Searching for files in /opt/airflow/dags
[2025-12-16T09:19:49.578+0000] {manager.py:740} INFO - There are 0 files in /opt/airflow/dags
[2025-12-16T09:24:49.580+0000] {manager.py:737} INFO - Searching for files in /opt/airflow/dags
[2025-12-16T09:24:49.583+0000] {manager.py:740} INFO - There are 0 files in /opt/airflow/dags
[2025-12-16T09:29:50.528+0000] {manager.py:737} INFO - Searching for files in /opt/airflow/dags
[2025-12-16T09:29:50.532+0000] {manager.py:740} INFO - There are 0 files in /opt/airflow/dags
[2025-12-16T09:34:51.507+0000] {manager.py:737} INFO - Searching for files in /opt/airflow/dags
[2025-12-16T09:34:51.511+0000] {manager.py:740} INFO - There are 0 files in /opt/airflow/dags
[2025-12-16T09:39:52.490+0000] {manager.py:737} INFO - Searching for files in /opt/airflow/dags
[2025-12-16T09:39:52.494+0000] {manager.py:740} INFO - There are 0 files in /opt/airflow/dags
[2025-12-16T09:44:31.297+0000] {manager.py:452} INFO - Exiting gracefully upon receiving signal 15
[2025-12-16T09:45:43.420+0000] {manager.py:470} INFO - Processing files using up to 2 processes at a time 
[2025-12-16T09:45:43.421+0000] {manager.py:471} INFO - Process each file at most once every 30 seconds
[2025-12-16T09:45:43.423+0000] {manager.py:472} INFO - Checking for new files in /opt/airflow/dags every 300 seconds
[2025-12-16T09:45:43.424+0000] {manager.py:737} INFO - Searching for files in /opt/airflow/dags
[2025-12-16T09:45:43.429+0000] {manager.py:740} INFO - There are 0 files in /opt/airflow/dags
[2025-12-16T09:50:43.428+0000] {manager.py:737} INFO - Searching for files in /opt/airflow/dags
[2025-12-16T09:50:43.435+0000] {manager.py:740} INFO - There are 0 files in /opt/airflow/dags
[2025-12-16T09:52:29.415+0000] {manager.py:452} INFO - Exiting gracefully upon receiving signal 15
[2025-12-16T10:11:50.532+0000] {manager.py:470} INFO - Processing files using up to 2 processes at a time 
[2025-12-16T10:11:50.533+0000] {manager.py:471} INFO - Process each file at most once every 30 seconds
[2025-12-16T10:11:50.535+0000] {manager.py:472} INFO - Checking for new files in /opt/airflow/dags every 300 seconds
[2025-12-16T10:11:50.536+0000] {manager.py:737} INFO - Searching for files in /opt/airflow/dags
[2025-12-16T10:11:50.540+0000] {manager.py:740} INFO - There are 0 files in /opt/airflow/dags
[2025-12-16T10:16:50.620+0000] {manager.py:737} INFO - Searching for files in /opt/airflow/dags
[2025-12-16T10:16:50.623+0000] {manager.py:740} INFO - There are 0 files in /opt/airflow/dags
[2025-12-16T10:21:50.666+0000] {manager.py:737} INFO - Searching for files in /opt/airflow/dags
[2025-12-16T10:21:50.668+0000] {manager.py:740} INFO - There are 0 files in /opt/airflow/dags
[2025-12-16T10:26:50.712+0000] {manager.py:737} INFO - Searching for files in /opt/airflow/dags
[2025-12-16T10:26:50.716+0000] {manager.py:740} INFO - There are 0 files in /opt/airflow/dags
[2025-12-16T10:31:50.755+0000] {manager.py:737} INFO - Searching for files in /opt/airflow/dags
[2025-12-16T10:31:50.758+0000] {manager.py:740} INFO - There are 0 files in /opt/airflow/dags
[2025-12-16T10:36:51.703+0000] {manager.py:737} INFO - Searching for files in /opt/airflow/dags
[2025-12-16T10:36:51.706+0000] {manager.py:740} INFO - There are 0 files in /opt/airflow/dags
[2025-12-16T10:41:52.686+0000] {manager.py:737} INFO - Searching for files in /opt/airflow/dags
[2025-12-16T10:41:52.689+0000] {manager.py:740} INFO - There are 0 files in /opt/airflow/dags
[2025-12-16T10:46:53.671+0000] {manager.py:737} INFO - Searching for files in /opt/airflow/dags
[2025-12-16T10:46:53.676+0000] {manager.py:740} INFO - There are 0 files in /opt/airflow/dags
[2025-12-16T10:51:53.700+0000] {manager.py:737} INFO - Searching for files in /opt/airflow/dags
[2025-12-16T10:51:53.704+0000] {manager.py:740} INFO - There are 0 files in /opt/airflow/dags
[2025-12-16T10:56:54.702+0000] {manager.py:737} INFO - Searching for files in /opt/airflow/dags
[2025-12-16T10:56:54.705+0000] {manager.py:740} INFO - There are 0 files in /opt/airflow/dags
[2025-12-16T11:01:54.733+0000] {manager.py:737} INFO - Searching for files in /opt/airflow/dags
[2025-12-16T11:01:54.736+0000] {manager.py:740} INFO - There are 0 files in /opt/airflow/dags
[2025-12-16T11:06:54.745+0000] {manager.py:737} INFO - Searching for files in /opt/airflow/dags
[2025-12-16T11:06:54.749+0000] {manager.py:740} INFO - There are 0 files in /opt/airflow/dags
[2025-12-16T11:08:31.416+0000] {manager.py:452} INFO - Exiting gracefully upon receiving signal 15
[2025-12-16T11:10:11.350+0000] {manager.py:470} INFO - Processing files using up to 2 processes at a time 
[2025-12-16T11:10:11.354+0000] {manager.py:471} INFO - Process each file at most once every 30 seconds
[2025-12-16T11:10:11.356+0000] {manager.py:472} INFO - Checking for new files in /opt/airflow/dags every 300 seconds
[2025-12-16T11:10:11.357+0000] {manager.py:737} INFO - Searching for files in /opt/airflow/dags
[2025-12-16T11:10:11.362+0000] {manager.py:740} INFO - There are 0 files in /opt/airflow/dags
[2025-12-16T11:15:11.842+0000] {manager.py:737} INFO - Searching for files in /opt/airflow/dags
[2025-12-16T11:15:11.855+0000] {manager.py:740} INFO - There are 0 files in /opt/airflow/dags
[2025-12-16T11:17:32.676+0000] {manager.py:452} INFO - Exiting gracefully upon receiving signal 15
[2025-12-16T11:18:03.342+0000] {manager.py:470} INFO - Processing files using up to 2 processes at a time 
[2025-12-16T11:18:03.343+0000] {manager.py:471} INFO - Process each file at most once every 30 seconds
[2025-12-16T11:18:03.344+0000] {manager.py:472} INFO - Checking for new files in /opt/airflow/dags every 300 seconds
[2025-12-16T11:18:03.345+0000] {manager.py:737} INFO - Searching for files in /opt/airflow/dags
[2025-12-16T11:18:03.348+0000] {manager.py:740} INFO - There are 0 files in /opt/airflow/dags
[2025-12-16T11:23:03.673+0000] {manager.py:737} INFO - Searching for files in /opt/airflow/dags
[2025-12-16T11:23:03.677+0000] {manager.py:740} INFO - There are 0 files in /opt/airflow/dags
[2025-12-16T11:28:03.734+0000] {manager.py:737} INFO - Searching for files in /opt/airflow/dags
[2025-12-16T11:28:03.738+0000] {manager.py:740} INFO - There are 0 files in /opt/airflow/dags
[2025-12-16T11:33:03.836+0000] {manager.py:737} INFO - Searching for files in /opt/airflow/dags
[2025-12-16T11:33:03.839+0000] {manager.py:740} INFO - There are 0 files in /opt/airflow/dags
[2025-12-16T11:38:03.857+0000] {manager.py:737} INFO - Searching for files in /opt/airflow/dags
[2025-12-16T11:38:03.860+0000] {manager.py:740} INFO - There are 0 files in /opt/airflow/dags
[2025-12-16T11:43:03.858+0000] {manager.py:737} INFO - Searching for files in /opt/airflow/dags
[2025-12-16T11:43:03.862+0000] {manager.py:740} INFO - There are 0 files in /opt/airflow/dags
[2025-12-16T11:48:04.855+0000] {manager.py:737} INFO - Searching for files in /opt/airflow/dags
[2025-12-16T11:48:04.858+0000] {manager.py:740} INFO - There are 0 files in /opt/airflow/dags
[2025-12-16T11:53:05.856+0000] {manager.py:737} INFO - Searching for files in /opt/airflow/dags
[2025-12-16T11:53:05.860+0000] {manager.py:740} INFO - There are 0 files in /opt/airflow/dags
[2025-12-16T11:58:06.822+0000] {manager.py:737} INFO - Searching for files in /opt/airflow/dags
[2025-12-16T11:58:06.826+0000] {manager.py:740} INFO - There are 0 files in /opt/airflow/dags
[2025-12-16T12:03:07.807+0000] {manager.py:737} INFO - Searching for files in /opt/airflow/dags
[2025-12-16T12:03:07.811+0000] {manager.py:740} INFO - There are 0 files in /opt/airflow/dags
[2025-12-16T12:08:07.814+0000] {manager.py:737} INFO - Searching for files in /opt/airflow/dags
[2025-12-16T12:08:07.828+0000] {manager.py:740} INFO - There are 0 files in /opt/airflow/dags
[2025-12-16T12:13:07.834+0000] {manager.py:737} INFO - Searching for files in /opt/airflow/dags
[2025-12-16T12:13:07.837+0000] {manager.py:740} INFO - There are 0 files in /opt/airflow/dags
[2025-12-16T12:18:07.892+0000] {manager.py:737} INFO - Searching for files in /opt/airflow/dags
[2025-12-16T12:18:07.896+0000] {manager.py:740} INFO - There are 0 files in /opt/airflow/dags
[2025-12-16T12:23:08.056+0000] {manager.py:737} INFO - Searching for files in /opt/airflow/dags
[2025-12-16T12:23:08.060+0000] {manager.py:740} INFO - There are 0 files in /opt/airflow/dags
[2025-12-16T12:28:08.286+0000] {manager.py:737} INFO - Searching for files in /opt/airflow/dags
[2025-12-16T12:28:08.302+0000] {manager.py:740} INFO - There are 0 files in /opt/airflow/dags
[2025-12-16T12:33:08.438+0000] {manager.py:737} INFO - Searching for files in /opt/airflow/dags
[2025-12-16T12:33:08.442+0000] {manager.py:740} INFO - There are 0 files in /opt/airflow/dags
[2025-12-16T12:38:08.474+0000] {manager.py:737} INFO - Searching for files in /opt/airflow/dags
[2025-12-16T12:38:08.477+0000] {manager.py:740} INFO - There are 0 files in /opt/airflow/dags
[2025-12-16T12:43:09.463+0000] {manager.py:737} INFO - Searching for files in /opt/airflow/dags
[2025-12-16T12:43:09.467+0000] {manager.py:740} INFO - There are 0 files in /opt/airflow/dags
[2025-12-16T12:48:09.473+0000] {manager.py:737} INFO - Searching for files in /opt/airflow/dags
[2025-12-16T12:48:09.476+0000] {manager.py:740} INFO - There are 0 files in /opt/airflow/dags
[2025-12-16T12:53:09.476+0000] {manager.py:737} INFO - Searching for files in /opt/airflow/dags
[2025-12-16T12:53:09.479+0000] {manager.py:740} INFO - There are 0 files in /opt/airflow/dags
[2025-12-16T12:58:10.461+0000] {manager.py:737} INFO - Searching for files in /opt/airflow/dags
[2025-12-16T12:58:10.464+0000] {manager.py:740} INFO - There are 0 files in /opt/airflow/dags
[2025-12-16T13:03:10.481+0000] {manager.py:737} INFO - Searching for files in /opt/airflow/dags
[2025-12-16T13:03:10.484+0000] {manager.py:740} INFO - There are 0 files in /opt/airflow/dags
[2025-12-16T13:08:11.471+0000] {manager.py:737} INFO - Searching for files in /opt/airflow/dags
[2025-12-16T13:08:11.475+0000] {manager.py:740} INFO - There are 0 files in /opt/airflow/dags
[2025-12-16T13:13:12.464+0000] {manager.py:737} INFO - Searching for files in /opt/airflow/dags
[2025-12-16T13:13:12.467+0000] {manager.py:740} INFO - There are 0 files in /opt/airflow/dags
[2025-12-16T13:18:12.474+0000] {manager.py:737} INFO - Searching for files in /opt/airflow/dags
[2025-12-16T13:18:12.477+0000] {manager.py:740} INFO - There are 0 files in /opt/airflow/dags
[2025-12-16T13:23:13.472+0000] {manager.py:737} INFO - Searching for files in /opt/airflow/dags
[2025-12-16T13:23:13.476+0000] {manager.py:740} INFO - There are 0 files in /opt/airflow/dags
[2025-12-16T13:28:14.459+0000] {manager.py:737} INFO - Searching for files in /opt/airflow/dags
[2025-12-16T13:28:14.462+0000] {manager.py:740} INFO - There are 0 files in /opt/airflow/dags
[2025-12-16T13:33:14.480+0000] {manager.py:737} INFO - Searching for files in /opt/airflow/dags
[2025-12-16T13:33:14.504+0000] {manager.py:740} INFO - There are 0 files in /opt/airflow/dags
[2025-12-16T13:38:14.514+0000] {manager.py:737} INFO - Searching for files in /opt/airflow/dags
[2025-12-16T13:38:14.518+0000] {manager.py:740} INFO - There are 0 files in /opt/airflow/dags
[2025-12-16T13:43:14.525+0000] {manager.py:737} INFO - Searching for files in /opt/airflow/dags
[2025-12-16T13:43:14.528+0000] {manager.py:740} INFO - There are 0 files in /opt/airflow/dags
[2025-12-16T13:48:15.518+0000] {manager.py:737} INFO - Searching for files in /opt/airflow/dags
[2025-12-16T13:48:15.522+0000] {manager.py:740} INFO - There are 0 files in /opt/airflow/dags
[2025-12-16T13:53:15.622+0000] {manager.py:737} INFO - Searching for files in /opt/airflow/dags
[2025-12-16T13:53:15.626+0000] {manager.py:740} INFO - There are 0 files in /opt/airflow/dags
[2025-12-16T13:58:15.720+0000] {manager.py:737} INFO - Searching for files in /opt/airflow/dags
[2025-12-16T13:58:15.724+0000] {manager.py:740} INFO - There are 0 files in /opt/airflow/dags
[2025-12-16T14:03:15.732+0000] {manager.py:737} INFO - Searching for files in /opt/airflow/dags
[2025-12-16T14:03:15.736+0000] {manager.py:740} INFO - There are 0 files in /opt/airflow/dags
[2025-12-16T14:04:27.915+0000] {manager.py:452} INFO - Exiting gracefully upon receiving signal 15
[2025-12-16T17:39:10.584+0000] {manager.py:470} INFO - Processing files using up to 2 processes at a time 
[2025-12-16T17:39:10.586+0000] {manager.py:471} INFO - Process each file at most once every 30 seconds
[2025-12-16T17:39:10.587+0000] {manager.py:472} INFO - Checking for new files in /opt/airflow/dags every 300 seconds
[2025-12-16T17:39:10.589+0000] {manager.py:737} INFO - Searching for files in /opt/airflow/dags
[2025-12-16T17:39:10.593+0000] {manager.py:740} INFO - There are 0 files in /opt/airflow/dags
[2025-12-16T17:44:11.167+0000] {manager.py:737} INFO - Searching for files in /opt/airflow/dags
[2025-12-16T17:44:11.173+0000] {manager.py:740} INFO - There are 0 files in /opt/airflow/dags
[2025-12-16T17:49:12.161+0000] {manager.py:737} INFO - Searching for files in /opt/airflow/dags
[2025-12-16T17:49:12.166+0000] {manager.py:740} INFO - There are 0 files in /opt/airflow/dags
[2025-12-16T17:54:12.761+0000] {manager.py:737} INFO - Searching for files in /opt/airflow/dags
[2025-12-16T17:54:12.776+0000] {manager.py:740} INFO - There are 0 files in /opt/airflow/dags
[2025-12-16T17:59:13.739+0000] {manager.py:737} INFO - Searching for files in /opt/airflow/dags
[2025-12-16T17:59:13.745+0000] {manager.py:740} INFO - There are 0 files in /opt/airflow/dags
[2025-12-16T18:04:14.429+0000] {manager.py:737} INFO - Searching for files in /opt/airflow/dags
[2025-12-16T18:04:14.441+0000] {manager.py:740} INFO - There are 0 files in /opt/airflow/dags
[2025-12-16T18:09:15.028+0000] {manager.py:737} INFO - Searching for files in /opt/airflow/dags
[2025-12-16T18:09:15.035+0000] {manager.py:740} INFO - There are 0 files in /opt/airflow/dags
[2025-12-16T18:14:15.547+0000] {manager.py:737} INFO - Searching for files in /opt/airflow/dags
[2025-12-16T18:14:15.553+0000] {manager.py:740} INFO - There are 0 files in /opt/airflow/dags
[2025-12-16T18:19:15.943+0000] {manager.py:737} INFO - Searching for files in /opt/airflow/dags
[2025-12-16T18:19:15.949+0000] {manager.py:740} INFO - There are 0 files in /opt/airflow/dags
[2025-12-16T18:24:16.649+0000] {manager.py:737} INFO - Searching for files in /opt/airflow/dags
[2025-12-16T18:24:16.666+0000] {manager.py:740} INFO - There are 0 files in /opt/airflow/dags
[2025-12-16T18:29:17.424+0000] {manager.py:737} INFO - Searching for files in /opt/airflow/dags
[2025-12-16T18:29:17.440+0000] {manager.py:740} INFO - There are 0 files in /opt/airflow/dags
[2025-12-16T18:34:18.412+0000] {manager.py:737} INFO - Searching for files in /opt/airflow/dags
[2025-12-16T18:34:18.419+0000] {manager.py:740} INFO - There are 0 files in /opt/airflow/dags
[2025-12-16T18:39:19.354+0000] {manager.py:737} INFO - Searching for files in /opt/airflow/dags
[2025-12-16T18:39:19.370+0000] {manager.py:740} INFO - There are 0 files in /opt/airflow/dags
[2025-12-16T18:44:19.387+0000] {manager.py:737} INFO - Searching for files in /opt/airflow/dags
[2025-12-16T18:44:19.403+0000] {manager.py:740} INFO - There are 0 files in /opt/airflow/dags
[2025-12-16T18:49:19.412+0000] {manager.py:737} INFO - Searching for files in /opt/airflow/dags
[2025-12-16T18:49:19.416+0000] {manager.py:740} INFO - There are 0 files in /opt/airflow/dags
[2025-12-16T18:54:20.269+0000] {manager.py:737} INFO - Searching for files in /opt/airflow/dags
[2025-12-16T18:54:20.273+0000] {manager.py:740} INFO - There are 0 files in /opt/airflow/dags
[2025-12-16T18:59:21.258+0000] {manager.py:737} INFO - Searching for files in /opt/airflow/dags
[2025-12-16T18:59:21.261+0000] {manager.py:740} INFO - There are 0 files in /opt/airflow/dags
[2025-12-16T19:04:22.227+0000] {manager.py:737} INFO - Searching for files in /opt/airflow/dags
[2025-12-16T19:04:22.230+0000] {manager.py:740} INFO - There are 0 files in /opt/airflow/dags
[2025-12-16T19:09:23.192+0000] {manager.py:737} INFO - Searching for files in /opt/airflow/dags
[2025-12-16T19:09:23.195+0000] {manager.py:740} INFO - There are 0 files in /opt/airflow/dags
[2025-12-16T19:14:24.145+0000] {manager.py:737} INFO - Searching for files in /opt/airflow/dags
[2025-12-16T19:14:24.149+0000] {manager.py:740} INFO - There are 0 files in /opt/airflow/dags
[2025-12-16T19:19:25.092+0000] {manager.py:737} INFO - Searching for files in /opt/airflow/dags
[2025-12-16T19:19:25.095+0000] {manager.py:740} INFO - There are 0 files in /opt/airflow/dags
[2025-12-16T19:24:25.099+0000] {manager.py:737} INFO - Searching for files in /opt/airflow/dags
[2025-12-16T19:24:25.101+0000] {manager.py:740} INFO - There are 0 files in /opt/airflow/dags
[2025-12-16T19:29:26.067+0000] {manager.py:737} INFO - Searching for files in /opt/airflow/dags
[2025-12-16T19:29:26.070+0000] {manager.py:740} INFO - There are 0 files in /opt/airflow/dags
[2025-12-16T19:34:27.014+0000] {manager.py:737} INFO - Searching for files in /opt/airflow/dags
[2025-12-16T19:34:27.018+0000] {manager.py:740} INFO - There are 0 files in /opt/airflow/dags
[2025-12-16T19:39:28.000+0000] {manager.py:737} INFO - Searching for files in /opt/airflow/dags
[2025-12-16T19:39:28.003+0000] {manager.py:740} INFO - There are 0 files in /opt/airflow/dags
[2025-12-16T19:44:28.990+0000] {manager.py:737} INFO - Searching for files in /opt/airflow/dags
[2025-12-16T19:44:28.994+0000] {manager.py:740} INFO - There are 0 files in /opt/airflow/dags
[2025-12-16T19:48:48.411+0000] {manager.py:452} INFO - Exiting gracefully upon receiving signal 15
[2025-12-16T19:49:20.294+0000] {manager.py:470} INFO - Processing files using up to 2 processes at a time 
[2025-12-16T19:49:20.295+0000] {manager.py:471} INFO - Process each file at most once every 30 seconds
[2025-12-16T19:49:20.296+0000] {manager.py:472} INFO - Checking for new files in /opt/airflow/dags every 300 seconds
[2025-12-16T19:49:20.297+0000] {manager.py:737} INFO - Searching for files in /opt/airflow/dags
[2025-12-16T19:49:20.301+0000] {manager.py:740} INFO - There are 0 files in /opt/airflow/dags
[2025-12-16T19:54:20.472+0000] {manager.py:737} INFO - Searching for files in /opt/airflow/dags
[2025-12-16T19:54:20.476+0000] {manager.py:740} INFO - There are 0 files in /opt/airflow/dags
[2025-12-16T19:59:21.472+0000] {manager.py:737} INFO - Searching for files in /opt/airflow/dags
[2025-12-16T19:59:21.475+0000] {manager.py:740} INFO - There are 0 files in /opt/airflow/dags
[2025-12-16T20:04:01.446+0000] {manager.py:452} INFO - Exiting gracefully upon receiving signal 15
[2025-12-17T15:17:00.255+0000] {manager.py:470} INFO - Processing files using up to 2 processes at a time 
[2025-12-17T15:17:00.257+0000] {manager.py:471} INFO - Process each file at most once every 30 seconds
[2025-12-17T15:17:00.258+0000] {manager.py:472} INFO - Checking for new files in /opt/airflow/dags every 300 seconds
[2025-12-17T15:17:00.260+0000] {manager.py:737} INFO - Searching for files in /opt/airflow/dags
[2025-12-17T15:17:00.265+0000] {manager.py:740} INFO - There are 0 files in /opt/airflow/dags
[2025-12-17T15:22:00.264+0000] {manager.py:737} INFO - Searching for files in /opt/airflow/dags
[2025-12-17T15:22:00.269+0000] {manager.py:740} INFO - There are 0 files in /opt/airflow/dags
[2025-12-17T15:27:00.466+0000] {manager.py:737} INFO - Searching for files in /opt/airflow/dags
[2025-12-17T15:27:00.473+0000] {manager.py:740} INFO - There are 0 files in /opt/airflow/dags
[2025-12-17T15:32:00.629+0000] {manager.py:737} INFO - Searching for files in /opt/airflow/dags
[2025-12-17T15:32:00.646+0000] {manager.py:740} INFO - There are 0 files in /opt/airflow/dags
[2025-12-17T15:37:00.804+0000] {manager.py:737} INFO - Searching for files in /opt/airflow/dags
[2025-12-17T15:37:00.819+0000] {manager.py:740} INFO - There are 0 files in /opt/airflow/dags
[2025-12-17T15:42:00.843+0000] {manager.py:737} INFO - Searching for files in /opt/airflow/dags
[2025-12-17T15:42:00.850+0000] {manager.py:740} INFO - There are 0 files in /opt/airflow/dags
[2025-12-17T15:47:01.456+0000] {manager.py:737} INFO - Searching for files in /opt/airflow/dags
[2025-12-17T15:47:01.472+0000] {manager.py:740} INFO - There are 0 files in /opt/airflow/dags
[2025-12-17T15:48:52.105+0000] {manager.py:452} INFO - Exiting gracefully upon receiving signal 15
[2025-12-22T17:02:07.157+0000] {manager.py:470} INFO - Processing files using up to 2 processes at a time 
[2025-12-22T17:02:07.161+0000] {manager.py:471} INFO - Process each file at most once every 30 seconds
[2025-12-22T17:02:07.164+0000] {manager.py:472} INFO - Checking for new files in /opt/airflow/dags every 300 seconds
[2025-12-22T17:02:07.165+0000] {manager.py:737} INFO - Searching for files in /opt/airflow/dags
[2025-12-22T17:02:07.171+0000] {manager.py:740} INFO - There are 0 files in /opt/airflow/dags
[2025-12-22T17:07:07.941+0000] {manager.py:737} INFO - Searching for files in /opt/airflow/dags
[2025-12-22T17:07:07.947+0000] {manager.py:740} INFO - There are 0 files in /opt/airflow/dags
[2025-12-22T17:12:08.737+0000] {manager.py:737} INFO - Searching for files in /opt/airflow/dags
[2025-12-22T17:12:08.755+0000] {manager.py:740} INFO - There are 0 files in /opt/airflow/dags
[2025-12-22T17:17:09.595+0000] {manager.py:737} INFO - Searching for files in /opt/airflow/dags
[2025-12-22T17:17:09.602+0000] {manager.py:740} INFO - There are 0 files in /opt/airflow/dags
[2025-12-22T17:22:10.525+0000] {manager.py:737} INFO - Searching for files in /opt/airflow/dags
[2025-12-22T17:22:10.533+0000] {manager.py:740} INFO - There are 0 files in /opt/airflow/dags
[2025-12-22T17:27:11.491+0000] {manager.py:737} INFO - Searching for files in /opt/airflow/dags
[2025-12-22T17:27:11.507+0000] {manager.py:740} INFO - There are 0 files in /opt/airflow/dags
[2025-12-22T17:32:12.465+0000] {manager.py:737} INFO - Searching for files in /opt/airflow/dags
[2025-12-22T17:32:12.472+0000] {manager.py:740} INFO - There are 0 files in /opt/airflow/dags
[2025-12-22T17:37:13.447+0000] {manager.py:737} INFO - Searching for files in /opt/airflow/dags
[2025-12-22T17:37:13.456+0000] {manager.py:740} INFO - There are 0 files in /opt/airflow/dags
[2025-12-22T17:42:14.294+0000] {manager.py:737} INFO - Searching for files in /opt/airflow/dags
[2025-12-22T17:42:14.310+0000] {manager.py:740} INFO - There are 0 files in /opt/airflow/dags
[2025-12-22T17:47:15.247+0000] {manager.py:737} INFO - Searching for files in /opt/airflow/dags
[2025-12-22T17:47:15.251+0000] {manager.py:740} INFO - There are 0 files in /opt/airflow/dags
